TN:
SF:bin/index.js
FN:22,(anonymous_0)
FN:25,(anonymous_1)
FN:43,(anonymous_2)
FNF:3
FNH:1
FNDA:1,(anonymous_0)
FNDA:0,(anonymous_1)
FNDA:0,(anonymous_2)
DA:1,1
DA:2,1
DA:3,1
DA:4,1
DA:5,1
DA:6,1
DA:7,1
DA:8,1
DA:9,1
DA:10,1
DA:11,1
DA:13,1
DA:14,1
DA:16,1
DA:17,0
DA:18,0
DA:22,1
DA:23,1
DA:24,1
DA:25,0
DA:26,0
DA:27,0
DA:32,0
DA:37,1
DA:39,0
DA:43,1
DA:44,0
DA:45,0
LF:28
LH:19
BRDA:16,0,0,0
BRDA:16,0,1,1
BRDA:24,1,0,0
BRDA:24,1,1,1
BRF:4
BRH:2
end_of_record
TN:
SF:bin/kafka-consumer.js
FN:61,(anonymous_0)
FN:82,(anonymous_1)
FN:97,(anonymous_2)
FN:176,(anonymous_3)
FN:180,(anonymous_4)
FN:200,(anonymous_5)
FN:203,(anonymous_6)
FNF:7
FNH:0
FNDA:0,(anonymous_0)
FNDA:0,(anonymous_1)
FNDA:0,(anonymous_2)
FNDA:0,(anonymous_3)
FNDA:0,(anonymous_4)
FNDA:0,(anonymous_5)
FNDA:0,(anonymous_6)
DA:1,2
DA:2,2
DA:3,2
DA:4,2
DA:7,2
DA:8,2
DA:9,2
DA:10,2
DA:11,2
DA:12,2
DA:14,2
DA:59,2
DA:61,2
DA:62,0
DA:63,0
DA:64,0
DA:70,0
DA:71,0
DA:72,0
DA:73,0
DA:75,0
DA:82,0
DA:83,0
DA:85,0
DA:88,0
DA:93,0
DA:94,0
DA:95,0
DA:96,0
DA:97,0
DA:98,0
DA:99,0
DA:111,0
DA:112,0
DA:134,0
DA:135,0
DA:136,0
DA:139,0
DA:143,0
DA:148,0
DA:154,0
DA:164,0
DA:165,0
DA:168,0
DA:171,0
DA:172,0
DA:176,2
DA:180,2
DA:181,0
DA:182,0
DA:187,0
DA:192,0
DA:197,0
DA:199,0
DA:201,0
DA:202,0
DA:204,0
DA:205,0
DA:206,0
DA:208,0
DA:209,0
DA:211,0
DA:214,0
DA:225,0
DA:226,0
DA:230,2
LF:66
LH:16
BRDA:63,0,0,0
BRDA:63,0,1,0
BRDA:75,1,0,0
BRDA:75,1,1,0
BRDA:75,2,0,0
BRDA:75,2,1,0
BRDA:93,3,0,0
BRDA:93,3,1,0
BRDA:116,4,0,0
BRDA:116,4,1,0
BRDA:117,5,0,0
BRDA:117,5,1,0
BRDA:148,6,0,0
BRDA:148,6,1,0
BRDA:154,7,0,0
BRDA:154,7,1,0
BRDA:206,8,0,0
BRDA:206,8,1,0
BRF:18
BRH:0
end_of_record
TN:
SF:bin/server.js
FN:68,(anonymous_0)
FN:74,(anonymous_1)
FN:146,(anonymous_2)
FN:162,(anonymous_3)
FN:169,(anonymous_4)
FN:198,(anonymous_5)
FNF:6
FNH:4
FNDA:0,(anonymous_0)
FNDA:0,(anonymous_1)
FNDA:3,(anonymous_2)
FNDA:3,(anonymous_3)
FNDA:2,(anonymous_4)
FNDA:1,(anonymous_5)
DA:1,2
DA:2,2
DA:3,2
DA:4,2
DA:5,2
DA:6,2
DA:7,2
DA:8,2
DA:9,2
DA:10,2
DA:11,2
DA:12,2
DA:13,2
DA:14,2
DA:15,2
DA:16,2
DA:17,2
DA:18,2
DA:19,2
DA:20,2
DA:21,2
DA:22,2
DA:23,2
DA:25,2
DA:26,0
DA:30,2
DA:38,2
DA:40,2
DA:41,0
DA:42,0
DA:45,2
DA:46,0
DA:49,2
DA:50,2
DA:51,2
DA:52,2
DA:61,2
DA:64,2
DA:68,2
DA:69,0
DA:70,0
DA:71,0
DA:74,2
DA:75,0
DA:81,0
DA:86,0
DA:87,0
DA:88,0
DA:93,0
DA:94,0
DA:95,0
DA:100,0
DA:101,0
DA:102,0
DA:107,0
DA:108,0
DA:109,0
DA:114,0
DA:115,0
DA:116,0
DA:121,0
DA:122,0
DA:123,0
DA:128,0
DA:129,0
DA:130,0
DA:136,0
DA:137,0
DA:138,0
DA:146,2
DA:147,3
DA:149,3
DA:151,0
DA:154,3
DA:156,3
DA:159,0
DA:162,2
DA:163,3
DA:164,3
DA:166,3
DA:167,3
DA:169,3
DA:170,2
DA:171,2
DA:174,0
DA:177,0
DA:179,0
DA:180,0
DA:181,0
DA:183,0
DA:184,0
DA:185,0
DA:187,0
DA:191,1
DA:192,1
DA:193,1
DA:195,0
DA:198,1
DA:199,1
DA:200,1
DA:201,1
DA:202,1
DA:203,1
DA:207,2
LF:104
LH:59
BRDA:25,0,0,0
BRDA:25,0,1,2
BRDA:40,1,0,0
BRDA:40,1,1,2
BRDA:45,2,0,0
BRDA:45,2,1,2
BRDA:75,3,0,0
BRDA:75,3,1,0
BRDA:86,4,0,0
BRDA:86,4,1,0
BRDA:93,5,0,0
BRDA:93,5,1,0
BRDA:100,6,0,0
BRDA:100,6,1,0
BRDA:107,7,0,0
BRDA:107,7,1,0
BRDA:114,8,0,0
BRDA:114,8,1,0
BRDA:121,9,0,0
BRDA:121,9,1,0
BRDA:128,10,0,0
BRDA:128,10,1,0
BRDA:138,11,0,0
BRDA:138,11,1,0
BRDA:149,12,0,0
BRDA:149,12,1,3
BRDA:154,13,0,3
BRDA:154,13,1,0
BRDA:163,14,0,3
BRDA:163,14,1,0
BRDA:170,15,0,2
BRDA:170,15,1,0
BRDA:174,16,0,0
BRDA:174,16,1,0
BRDA:177,17,0,0
BRDA:177,17,1,0
BRDA:177,17,2,0
BRDA:192,18,0,1
BRDA:192,18,1,0
BRDA:202,19,0,0
BRDA:202,19,1,1
BRF:41
BRH:9
end_of_record
TN:
SF:bin/test/ut_index.js
FN:14,(anonymous_0)
FN:24,(anonymous_1)
FN:31,(anonymous_2)
FN:35,(anonymous_3)
FN:40,(anonymous_4)
FN:44,(anonymous_5)
FN:57,(anonymous_6)
FNF:7
FNH:4
FNDA:0,(anonymous_0)
FNDA:0,(anonymous_1)
FNDA:1,(anonymous_2)
FNDA:2,(anonymous_3)
FNDA:2,(anonymous_4)
FNDA:1,(anonymous_5)
FNDA:0,(anonymous_6)
DA:1,1
DA:2,1
DA:3,1
DA:4,1
DA:9,1
DA:11,1
DA:16,0
DA:21,1
DA:26,0
DA:31,1
DA:35,1
DA:36,2
DA:37,1
DA:40,1
DA:41,2
DA:44,1
DA:45,1
DA:47,1
DA:50,0
DA:51,0
DA:53,1
DA:57,1
DA:58,0
DA:59,0
DA:62,0
DA:64,0
DA:66,0
DA:69,0
DA:76,0
DA:79,0
DA:80,0
LF:31
LH:18
BRF:0
BRH:0
end_of_record
TN:
SF:bin/test/ut_kafka-consumer.js
FN:6,(anonymous_0)
FN:14,(anonymous_1)
FN:43,(anonymous_2)
FN:54,(anonymous_3)
FN:64,(anonymous_4)
FN:84,(anonymous_5)
FNF:6
FNH:3
FNDA:1,(anonymous_0)
FNDA:1,(anonymous_1)
FNDA:1,(anonymous_2)
FNDA:0,(anonymous_3)
FNDA:0,(anonymous_4)
FNDA:0,(anonymous_5)
DA:1,1
DA:2,1
DA:3,1
DA:4,1
DA:6,1
DA:14,1
DA:16,1
DA:21,1
DA:22,1
DA:23,1
DA:26,1
DA:27,1
DA:30,1
DA:37,0
DA:40,0
DA:43,1
DA:45,1
DA:47,0
DA:48,0
DA:49,0
DA:50,0
DA:51,0
DA:54,1
DA:56,0
DA:57,0
DA:59,0
DA:64,1
DA:66,0
DA:75,0
DA:78,0
DA:80,0
DA:84,1
DA:86,0
DA:95,0
DA:98,0
DA:99,0
LF:36
LH:18
BRF:0
BRH:0
end_of_record
TN:
SF:bin/test/ut_server.js
FN:8,(anonymous_0)
FN:17,(anonymous_1)
FN:29,(anonymous_2)
FN:38,(anonymous_3)
FN:42,(anonymous_4)
FN:66,(anonymous_5)
FNF:6
FNH:6
FNDA:1,(anonymous_0)
FNDA:2,(anonymous_1)
FNDA:2,(anonymous_2)
FNDA:2,(anonymous_3)
FNDA:1,(anonymous_4)
FNDA:1,(anonymous_5)
DA:1,1
DA:2,1
DA:3,1
DA:4,1
DA:5,1
DA:6,1
DA:8,1
DA:17,1
DA:19,2
DA:20,2
DA:21,2
DA:22,2
DA:23,2
DA:24,2
DA:25,2
DA:27,2
DA:30,2
DA:31,2
DA:38,1
DA:39,2
DA:42,1
DA:44,1
DA:46,1
DA:48,1
DA:51,0
DA:52,0
DA:53,0
DA:54,0
DA:59,0
DA:60,0
DA:62,1
DA:66,1
DA:68,1
DA:70,1
DA:72,1
DA:75,0
DA:78,0
DA:80,1
LF:38
LH:30
BRDA:30,0,0,2
BRDA:30,0,1,0
BRF:2
BRH:1
end_of_record
TN:
SF:config/cloudinary.js
FNF:0
FNH:0
DA:1,1
DA:2,1
DA:4,1
DA:10,1
LF:4
LH:4
BRF:0
BRH:0
end_of_record
TN:
SF:config/constants.js
FN:15,(anonymous_0)
FN:35,(anonymous_1)
FN:55,(anonymous_2)
FN:72,(anonymous_3)
FN:76,(anonymous_4)
FN:80,(anonymous_5)
FN:87,(anonymous_6)
FN:101,(anonymous_7)
FN:106,(anonymous_8)
FN:155,(anonymous_9)
FN:167,(anonymous_10)
FN:170,(anonymous_11)
FN:174,(anonymous_12)
FN:177,(anonymous_13)
FN:180,(anonymous_14)
FN:183,(anonymous_15)
FN:187,(anonymous_16)
FN:190,(anonymous_17)
FN:267,(anonymous_18)
FN:282,(anonymous_19)
FN:564,(anonymous_20)
FN:571,(anonymous_21)
FN:579,(anonymous_22)
FN:588,(anonymous_23)
FN:628,(anonymous_24)
FN:783,(anonymous_25)
FN:948,(anonymous_26)
FN:1112,(anonymous_27)
FN:1175,(anonymous_28)
FN:1293,(anonymous_29)
FN:1355,(anonymous_30)
FN:1375,(anonymous_31)
FN:1396,(anonymous_32)
FN:1415,(anonymous_33)
FN:1433,(anonymous_34)
FN:1449,(anonymous_35)
FN:1466,(anonymous_36)
FN:1479,(anonymous_37)
FN:1492,(anonymous_38)
FN:1520,(anonymous_39)
FN:1633,generateDateFormatWithoutHrs
FN:1652,envConfig
FNF:42
FNH:13
FNDA:1,(anonymous_0)
FNDA:1,(anonymous_1)
FNDA:3,(anonymous_2)
FNDA:1,(anonymous_3)
FNDA:3,(anonymous_4)
FNDA:0,(anonymous_5)
FNDA:2,(anonymous_6)
FNDA:12,(anonymous_7)
FNDA:1,(anonymous_8)
FNDA:0,(anonymous_9)
FNDA:0,(anonymous_10)
FNDA:0,(anonymous_11)
FNDA:1,(anonymous_12)
FNDA:0,(anonymous_13)
FNDA:1,(anonymous_14)
FNDA:0,(anonymous_15)
FNDA:0,(anonymous_16)
FNDA:0,(anonymous_17)
FNDA:1,(anonymous_18)
FNDA:1,(anonymous_19)
FNDA:0,(anonymous_20)
FNDA:0,(anonymous_21)
FNDA:0,(anonymous_22)
FNDA:0,(anonymous_23)
FNDA:0,(anonymous_24)
FNDA:0,(anonymous_25)
FNDA:0,(anonymous_26)
FNDA:0,(anonymous_27)
FNDA:0,(anonymous_28)
FNDA:0,(anonymous_29)
FNDA:0,(anonymous_30)
FNDA:0,(anonymous_31)
FNDA:0,(anonymous_32)
FNDA:0,(anonymous_33)
FNDA:0,(anonymous_34)
FNDA:0,(anonymous_35)
FNDA:0,(anonymous_36)
FNDA:0,(anonymous_37)
FNDA:0,(anonymous_38)
FNDA:0,(anonymous_39)
FNDA:0,generateDateFormatWithoutHrs
FNDA:1,envConfig
DA:1,1
DA:2,1
DA:3,1
DA:4,1
DA:5,1
DA:7,1
DA:15,1
DA:27,1
DA:35,1
DA:47,1
DA:55,3
DA:69,1
DA:72,1
DA:76,3
DA:80,0
DA:87,2
DA:101,12
DA:106,1
DA:162,0
DA:163,0
DA:165,0
DA:168,0
DA:171,0
DA:175,1
DA:178,0
DA:181,1
DA:184,0
DA:188,0
DA:191,0
DA:268,1
DA:269,1
DA:270,1
DA:271,1
DA:272,1
DA:273,1
DA:274,1
DA:275,1
DA:276,1
DA:283,1
DA:285,0
DA:286,0
DA:288,0
DA:289,0
DA:291,1
DA:565,0
DA:566,0
DA:572,0
DA:573,0
DA:580,0
DA:581,0
DA:583,0
DA:589,0
DA:590,0
DA:591,0
DA:592,0
DA:593,0
DA:594,0
DA:595,0
DA:596,0
DA:597,0
DA:617,0
DA:620,0
DA:623,0
DA:624,0
DA:625,0
DA:629,0
DA:630,0
DA:631,0
DA:632,0
DA:633,0
DA:634,0
DA:635,0
DA:636,0
DA:637,0
DA:638,0
DA:639,0
DA:640,0
DA:641,0
DA:642,0
DA:643,0
DA:644,0
DA:645,0
DA:646,0
DA:647,0
DA:648,0
DA:649,0
DA:650,0
DA:651,0
DA:652,0
DA:653,0
DA:654,0
DA:655,0
DA:656,0
DA:657,0
DA:658,0
DA:659,0
DA:660,0
DA:661,0
DA:662,0
DA:663,0
DA:664,0
DA:665,0
DA:666,0
DA:667,0
DA:668,0
DA:669,0
DA:670,0
DA:671,0
DA:672,0
DA:673,0
DA:674,0
DA:675,0
DA:676,0
DA:677,0
DA:678,0
DA:679,0
DA:680,0
DA:681,0
DA:682,0
DA:683,0
DA:684,0
DA:685,0
DA:686,0
DA:687,0
DA:688,0
DA:689,0
DA:690,0
DA:691,0
DA:692,0
DA:693,0
DA:694,0
DA:695,0
DA:696,0
DA:697,0
DA:698,0
DA:699,0
DA:700,0
DA:701,0
DA:702,0
DA:703,0
DA:704,0
DA:705,0
DA:706,0
DA:707,0
DA:708,0
DA:709,0
DA:710,0
DA:711,0
DA:712,0
DA:713,0
DA:714,0
DA:715,0
DA:716,0
DA:717,0
DA:718,0
DA:719,0
DA:720,0
DA:721,0
DA:722,0
DA:723,0
DA:724,0
DA:725,0
DA:726,0
DA:727,0
DA:728,0
DA:730,0
DA:784,0
DA:828,0
DA:830,0
DA:831,0
DA:907,0
DA:949,0
DA:1055,0
DA:1056,0
DA:1057,0
DA:1088,0
DA:1113,0
DA:1147,0
DA:1148,0
DA:1149,0
DA:1156,0
DA:1176,0
DA:1265,0
DA:1266,0
DA:1267,0
DA:1269,0
DA:1294,0
DA:1327,0
DA:1328,0
DA:1329,0
DA:1339,0
DA:1340,0
DA:1342,0
DA:1356,0
DA:1357,0
DA:1358,0
DA:1359,0
DA:1361,0
DA:1376,0
DA:1377,0
DA:1378,0
DA:1379,0
DA:1381,0
DA:1397,0
DA:1398,0
DA:1399,0
DA:1400,0
DA:1402,0
DA:1416,0
DA:1417,0
DA:1418,0
DA:1419,0
DA:1421,0
DA:1434,0
DA:1435,0
DA:1436,0
DA:1437,0
DA:1439,0
DA:1450,0
DA:1451,0
DA:1452,0
DA:1453,0
DA:1455,0
DA:1467,0
DA:1468,0
DA:1469,0
DA:1470,0
DA:1472,0
DA:1480,0
DA:1481,0
DA:1482,0
DA:1483,0
DA:1485,0
DA:1493,0
DA:1494,0
DA:1495,0
DA:1496,0
DA:1498,0
DA:1521,0
DA:1522,0
DA:1523,0
DA:1524,0
DA:1526,0
DA:1634,0
DA:1635,0
DA:1636,0
DA:1637,0
DA:1638,0
DA:1640,0
DA:1641,0
DA:1643,0
DA:1644,0
DA:1646,0
DA:1648,0
DA:1653,1
DA:1655,0
DA:1657,0
DA:1659,1
DA:1663,1
LF:259
LH:33
BRDA:13,0,0,1
BRDA:13,0,1,0
BRDA:33,1,0,1
BRDA:33,1,1,0
BRDA:53,2,0,1
BRDA:53,2,1,0
BRDA:71,3,0,1
BRDA:71,3,1,0
BRDA:74,4,0,1
BRDA:74,4,1,0
BRDA:79,5,0,0
BRDA:79,5,1,1
BRDA:85,6,0,1
BRDA:85,6,1,0
BRDA:99,7,0,1
BRDA:99,7,1,0
BRDA:105,8,0,1
BRDA:105,8,1,0
BRDA:124,9,0,1
BRDA:124,9,1,0
BRDA:155,10,0,0
BRDA:162,11,0,0
BRDA:162,11,1,0
BRDA:283,12,0,0
BRDA:283,12,1,0
BRDA:283,12,2,1
BRDA:580,13,0,0
BRDA:580,13,1,0
BRDA:629,14,0,0
BRDA:629,14,1,0
BRDA:658,15,0,0
BRDA:658,15,1,0
BRDA:691,16,0,0
BRDA:691,16,1,0
BRDA:830,17,0,0
BRDA:830,17,1,0
BRDA:1056,18,0,0
BRDA:1056,18,1,0
BRDA:1148,19,0,0
BRDA:1148,19,1,0
BRDA:1266,20,0,0
BRDA:1266,20,1,0
BRDA:1328,21,0,0
BRDA:1328,21,1,0
BRDA:1339,22,0,0
BRDA:1339,22,1,0
BRDA:1358,23,0,0
BRDA:1358,23,1,0
BRDA:1378,24,0,0
BRDA:1378,24,1,0
BRDA:1399,25,0,0
BRDA:1399,25,1,0
BRDA:1418,26,0,0
BRDA:1418,26,1,0
BRDA:1436,27,0,0
BRDA:1436,27,1,0
BRDA:1452,28,0,0
BRDA:1452,28,1,0
BRDA:1469,29,0,0
BRDA:1469,29,1,0
BRDA:1482,30,0,0
BRDA:1482,30,1,0
BRDA:1495,31,0,0
BRDA:1495,31,1,0
BRDA:1523,32,0,0
BRDA:1523,32,1,0
BRDA:1640,33,0,0
BRDA:1640,33,1,0
BRDA:1643,34,0,0
BRDA:1643,34,1,0
BRDA:1653,35,0,0
BRDA:1653,35,1,0
BRDA:1653,35,2,1
BRF:73
BRH:12
end_of_record
TN:
SF:config/database.js
FN:28,(anonymous_0)
FN:30,(anonymous_1)
FN:33,(anonymous_2)
FN:34,(anonymous_3)
FN:36,(anonymous_4)
FN:38,(anonymous_5)
FN:42,(anonymous_6)
FN:52,getTenantDB
FN:61,getModelByTenant
FNF:9
FNH:4
FNDA:6,(anonymous_0)
FNDA:6,(anonymous_1)
FNDA:0,(anonymous_2)
FNDA:0,(anonymous_3)
FNDA:0,(anonymous_4)
FNDA:0,(anonymous_5)
FNDA:0,(anonymous_6)
FNDA:24,getTenantDB
FNDA:24,getModelByTenant
DA:1,2
DA:2,2
DA:3,2
DA:4,2
DA:5,2
DA:6,2
DA:7,2
DA:8,2
DA:9,2
DA:13,2
DA:28,6
DA:30,2
DA:31,6
DA:32,6
DA:33,2
DA:34,1
DA:36,1
DA:38,1
DA:39,0
DA:42,1
DA:43,0
DA:46,1
DA:50,2
DA:53,24
DA:54,24
DA:55,0
DA:56,0
DA:57,0
DA:62,24
DA:63,24
DA:66,2
LF:31
LH:26
BRDA:54,0,0,0
BRDA:54,0,1,24
BRF:2
BRH:1
end_of_record
TN:
SF:config/log4js.js
FNF:0
FNH:0
DA:1,2
DA:2,2
DA:4,2
DA:40,2
LF:4
LH:4
BRF:0
BRH:0
end_of_record
TN:
SF:config/redis.js
FN:11,(anonymous_0)
FN:14,(anonymous_1)
FN:18,(anonymous_2)
FNF:3
FNH:1
FNDA:14,(anonymous_0)
FNDA:0,(anonymous_1)
FNDA:0,(anonymous_2)
DA:1,2
DA:2,2
DA:3,2
DA:4,2
DA:5,2
DA:6,2
DA:8,2
DA:11,14
DA:14,2
DA:15,0
DA:18,2
DA:19,0
DA:22,2
LF:13
LH:11
BRDA:6,0,0,2
BRDA:6,0,1,2
BRF:2
BRH:2
end_of_record
TN:
SF:config/test/ut_cloudinary.js
FN:6,(anonymous_0)
FN:14,(anonymous_1)
FN:19,(anonymous_2)
FN:24,(anonymous_3)
FN:25,(anonymous_4)
FNF:5
FNH:5
FNDA:1,(anonymous_0)
FNDA:1,(anonymous_1)
FNDA:1,(anonymous_2)
FNDA:1,(anonymous_3)
FNDA:1,(anonymous_4)
DA:1,1
DA:2,1
DA:3,1
DA:4,1
DA:6,1
DA:8,1
DA:14,1
DA:16,1
DA:19,1
DA:21,1
DA:24,1
DA:25,1
DA:26,1
DA:30,1
DA:33,0
DA:34,0
DA:40,0
LF:17
LH:14
BRF:0
BRH:0
end_of_record
TN:
SF:config/test/ut_constants.js
FN:29,(anonymous_0)
FN:32,(anonymous_1)
FN:40,(anonymous_2)
FN:45,(anonymous_3)
FN:46,(anonymous_4)
FN:54,(anonymous_5)
FN:55,(anonymous_6)
FN:69,(anonymous_7)
FN:70,(anonymous_8)
FNF:9
FNH:6
FNDA:1,(anonymous_0)
FNDA:1,(anonymous_1)
FNDA:1,(anonymous_2)
FNDA:1,(anonymous_3)
FNDA:0,(anonymous_4)
FNDA:1,(anonymous_5)
FNDA:0,(anonymous_6)
FNDA:1,(anonymous_7)
FNDA:0,(anonymous_8)
DA:1,1
DA:2,1
DA:3,1
DA:4,1
DA:7,1
DA:27,1
DA:29,1
DA:32,1
DA:34,1
DA:37,1
DA:40,1
DA:42,1
DA:45,1
DA:46,1
DA:47,0
DA:48,0
DA:49,0
DA:54,1
DA:55,1
DA:57,0
DA:60,0
DA:62,0
DA:63,0
DA:64,0
DA:69,1
DA:70,1
DA:72,0
DA:75,0
DA:77,0
DA:78,0
DA:79,0
LF:31
LH:18
BRF:0
BRH:0
end_of_record
TN:
SF:config/test/ut_database.js
FN:26,(anonymous_0)
FN:27,(anonymous_1)
FN:31,(anonymous_2)
FN:32,(anonymous_3)
FN:53,(anonymous_4)
FN:65,(anonymous_5)
FN:66,(anonymous_6)
FN:95,(anonymous_7)
FNF:8
FNH:8
FNDA:1,(anonymous_0)
FNDA:4,(anonymous_1)
FNDA:1,(anonymous_2)
FNDA:1,(anonymous_3)
FNDA:1,(anonymous_4)
FNDA:1,(anonymous_5)
FNDA:1,(anonymous_6)
FNDA:1,(anonymous_7)
DA:1,1
DA:2,1
DA:3,1
DA:4,1
DA:7,1
DA:11,1
DA:16,1
DA:20,1
DA:26,1
DA:27,1
DA:28,4
DA:31,1
DA:32,1
DA:34,1
DA:39,1
DA:41,1
DA:43,1
DA:44,1
DA:45,0
DA:53,1
DA:55,1
DA:57,1
DA:59,1
DA:60,1
DA:65,1
DA:66,1
DA:67,1
DA:68,1
DA:69,1
DA:74,1
DA:77,1
DA:81,1
DA:87,0
DA:88,0
DA:89,0
DA:91,0
DA:92,0
DA:95,1
DA:96,1
DA:97,1
DA:98,1
DA:103,1
DA:105,1
DA:111,0
LF:44
LH:37
BRF:0
BRH:0
end_of_record
TN:
SF:config/test/ut_log4js.js
FN:17,(anonymous_0)
FN:18,(anonymous_1)
FN:22,(anonymous_2)
FN:56,(anonymous_3)
FNF:4
FNH:4
FNDA:1,(anonymous_0)
FNDA:2,(anonymous_1)
FNDA:1,(anonymous_2)
FNDA:1,(anonymous_3)
DA:1,1
DA:2,1
DA:3,1
DA:4,1
DA:7,1
DA:13,1
DA:17,1
DA:18,1
DA:19,2
DA:22,1
DA:23,1
DA:53,1
DA:56,1
DA:57,1
DA:63,1
LF:15
LH:15
BRF:0
BRH:0
end_of_record
TN:
SF:config/test/ut_redis.js
FN:26,(anonymous_0)
FN:27,(anonymous_1)
FN:31,(anonymous_2)
FN:42,(anonymous_3)
FN:49,(anonymous_4)
FNF:5
FNH:5
FNDA:1,(anonymous_0)
FNDA:3,(anonymous_1)
FNDA:1,(anonymous_2)
FNDA:1,(anonymous_3)
FNDA:1,(anonymous_4)
DA:1,1
DA:2,1
DA:3,1
DA:4,1
DA:7,1
DA:12,1
DA:16,1
DA:26,1
DA:27,1
DA:28,3
DA:31,1
DA:32,1
DA:33,0
DA:35,0
DA:42,1
DA:43,1
DA:44,1
DA:49,1
DA:50,1
DA:51,1
LF:20
LH:18
BRF:0
BRH:0
end_of_record
TN:
SF:controllers/create-activity.js
FN:15,(anonymous_0)
FN:75,(anonymous_1)
FN:137,(anonymous_2)
FN:183,(anonymous_3)
FN:224,(anonymous_4)
FN:265,(anonymous_5)
FN:329,(anonymous_6)
FN:394,(anonymous_7)
FNF:8
FNH:0
FNDA:0,(anonymous_0)
FNDA:0,(anonymous_1)
FNDA:0,(anonymous_2)
FNDA:0,(anonymous_3)
FNDA:0,(anonymous_4)
FNDA:0,(anonymous_5)
FNDA:0,(anonymous_6)
FNDA:0,(anonymous_7)
DA:1,1
DA:2,1
DA:3,1
DA:4,1
DA:5,1
DA:6,1
DA:7,1
DA:8,1
DA:11,1
DA:12,1
DA:14,1
DA:16,0
DA:17,0
DA:18,0
DA:19,0
DA:20,0
DA:21,0
DA:22,0
DA:28,0
DA:30,0
DA:36,0
DA:37,0
DA:38,0
DA:40,0
DA:41,0
DA:43,0
DA:44,0
DA:45,0
DA:48,0
DA:54,0
DA:55,0
DA:58,0
DA:67,0
DA:68,0
DA:76,0
DA:77,0
DA:78,0
DA:79,0
DA:80,0
DA:81,0
DA:82,0
DA:88,0
DA:90,0
DA:96,0
DA:98,0
DA:99,0
DA:101,0
DA:103,0
DA:105,0
DA:106,0
DA:107,0
DA:110,0
DA:116,0
DA:117,0
DA:120,0
DA:129,0
DA:130,0
DA:138,0
DA:139,0
DA:140,0
DA:141,0
DA:142,0
DA:145,0
DA:146,0
DA:148,0
DA:151,0
DA:152,0
DA:155,0
DA:161,0
DA:162,0
DA:165,0
DA:174,0
DA:175,0
DA:184,0
DA:185,0
DA:190,0
DA:191,0
DA:192,0
DA:193,0
DA:194,0
DA:195,0
DA:196,0
DA:197,0
DA:198,0
DA:199,0
DA:205,0
DA:207,0
DA:214,0
DA:215,0
DA:216,0
DA:225,0
DA:226,0
DA:231,0
DA:232,0
DA:233,0
DA:234,0
DA:235,0
DA:236,0
DA:237,0
DA:238,0
DA:239,0
DA:240,0
DA:246,0
DA:248,0
DA:255,0
DA:256,0
DA:257,0
DA:266,0
DA:267,0
DA:268,0
DA:269,0
DA:270,0
DA:271,0
DA:272,0
DA:278,0
DA:280,0
DA:287,0
DA:289,0
DA:290,0
DA:292,0
DA:293,0
DA:294,0
DA:297,0
DA:298,0
DA:299,0
DA:302,0
DA:307,0
DA:308,0
DA:312,0
DA:321,0
DA:322,0
DA:330,0
DA:331,0
DA:332,0
DA:333,0
DA:334,0
DA:335,0
DA:336,0
DA:337,0
DA:343,0
DA:345,0
DA:352,0
DA:354,0
DA:355,0
DA:358,0
DA:359,0
DA:360,0
DA:364,0
DA:365,0
DA:368,0
DA:373,0
DA:374,0
DA:377,0
DA:386,0
DA:387,0
DA:395,0
DA:396,0
DA:397,0
DA:398,0
DA:399,0
DA:400,0
DA:401,0
DA:402,0
DA:403,0
DA:404,0
DA:410,0
DA:412,0
DA:419,0
DA:421,0
DA:422,0
DA:425,0
DA:426,0
DA:427,0
DA:428,0
DA:432,0
DA:433,0
DA:436,0
DA:441,0
DA:442,0
DA:445,0
DA:454,0
DA:455,0
DA:464,1
LF:183
LH:12
BRDA:19,0,0,0
BRDA:19,0,1,0
BRDA:37,1,0,0
BRDA:37,1,1,0
BRDA:44,2,0,0
BRDA:44,2,1,0
BRDA:45,3,0,0
BRDA:45,3,1,0
BRDA:54,4,0,0
BRDA:54,4,1,0
BRDA:55,5,0,0
BRDA:55,5,1,0
BRDA:61,6,0,0
BRDA:61,6,1,0
BRDA:79,7,0,0
BRDA:79,7,1,0
BRDA:98,8,0,0
BRDA:98,8,1,0
BRDA:106,9,0,0
BRDA:106,9,1,0
BRDA:107,10,0,0
BRDA:107,10,1,0
BRDA:116,11,0,0
BRDA:116,11,1,0
BRDA:117,12,0,0
BRDA:117,12,1,0
BRDA:123,13,0,0
BRDA:123,13,1,0
BRDA:141,14,0,0
BRDA:141,14,1,0
BRDA:151,15,0,0
BRDA:151,15,1,0
BRDA:152,16,0,0
BRDA:152,16,1,0
BRDA:161,17,0,0
BRDA:161,17,1,0
BRDA:162,18,0,0
BRDA:162,18,1,0
BRDA:168,19,0,0
BRDA:168,19,1,0
BRDA:196,20,0,0
BRDA:196,20,1,0
BRDA:237,21,0,0
BRDA:237,21,1,0
BRDA:269,22,0,0
BRDA:269,22,1,0
BRDA:289,23,0,0
BRDA:289,23,1,0
BRDA:298,24,0,0
BRDA:298,24,1,0
BRDA:299,25,0,0
BRDA:299,25,1,0
BRDA:307,26,0,0
BRDA:307,26,1,0
BRDA:308,27,0,0
BRDA:308,27,1,0
BRDA:315,28,0,0
BRDA:315,28,1,0
BRDA:334,29,0,0
BRDA:334,29,1,0
BRDA:354,30,0,0
BRDA:354,30,1,0
BRDA:364,31,0,0
BRDA:364,31,1,0
BRDA:365,32,0,0
BRDA:365,32,1,0
BRDA:373,33,0,0
BRDA:373,33,1,0
BRDA:374,34,0,0
BRDA:374,34,1,0
BRDA:380,35,0,0
BRDA:380,35,1,0
BRDA:401,36,0,0
BRDA:401,36,1,0
BRDA:421,37,0,0
BRDA:421,37,1,0
BRDA:432,38,0,0
BRDA:432,38,1,0
BRDA:433,39,0,0
BRDA:433,39,1,0
BRDA:441,40,0,0
BRDA:441,40,1,0
BRDA:442,41,0,0
BRDA:442,41,1,0
BRDA:448,42,0,0
BRDA:448,42,1,0
BRF:86
BRH:0
end_of_record
TN:
SF:controllers/create-airqloud.js
FN:14,(anonymous_0)
FN:48,(anonymous_1)
FN:113,(anonymous_2)
FN:186,(anonymous_3)
FN:247,(anonymous_4)
FN:311,(anonymous_5)
FN:375,(anonymous_6)
FN:435,(anonymous_7)
FN:496,(anonymous_8)
FN:558,(anonymous_9)
FN:620,(anonymous_10)
FN:690,(anonymous_11)
FNF:12
FNH:0
FNDA:0,(anonymous_0)
FNDA:0,(anonymous_1)
FNDA:0,(anonymous_2)
FNDA:0,(anonymous_3)
FNDA:0,(anonymous_4)
FNDA:0,(anonymous_5)
FNDA:0,(anonymous_6)
FNDA:0,(anonymous_7)
FNDA:0,(anonymous_8)
FNDA:0,(anonymous_9)
FNDA:0,(anonymous_10)
FNDA:0,(anonymous_11)
DA:1,1
DA:2,1
DA:3,1
DA:4,1
DA:5,1
DA:6,1
DA:7,1
DA:8,1
DA:9,1
DA:13,1
DA:15,0
DA:16,0
DA:21,0
DA:22,0
DA:23,0
DA:24,0
DA:25,0
DA:31,0
DA:33,0
DA:40,0
DA:49,0
DA:50,0
DA:51,0
DA:52,0
DA:53,0
DA:54,0
DA:55,0
DA:56,0
DA:57,0
DA:58,0
DA:64,0
DA:66,0
DA:72,0
DA:73,0
DA:74,0
DA:76,0
DA:77,0
DA:81,0
DA:82,0
DA:85,0
DA:90,0
DA:91,0
DA:95,0
DA:104,0
DA:105,0
DA:114,0
DA:115,0
DA:116,0
DA:117,0
DA:119,0
DA:120,0
DA:121,0
DA:122,0
DA:123,0
DA:129,0
DA:131,0
DA:138,0
DA:139,0
DA:140,0
DA:141,0
DA:142,0
DA:143,0
DA:145,0
DA:149,0
DA:150,0
DA:153,0
DA:157,0
DA:162,0
DA:163,0
DA:167,0
DA:171,0
DA:178,0
DA:179,0
DA:187,0
DA:188,0
DA:189,0
DA:191,0
DA:192,0
DA:193,0
DA:194,0
DA:195,0
DA:196,0
DA:197,0
DA:198,0
DA:204,0
DA:206,0
DA:212,0
DA:213,0
DA:217,0
DA:218,0
DA:221,0
DA:226,0
DA:227,0
DA:230,0
DA:239,0
DA:240,0
DA:248,0
DA:249,0
DA:250,0
DA:252,0
DA:253,0
DA:254,0
DA:255,0
DA:256,0
DA:262,0
DA:264,0
DA:271,0
DA:272,0
DA:273,0
DA:274,0
DA:275,0
DA:276,0
DA:277,0
DA:280,0
DA:281,0
DA:284,0
DA:289,0
DA:290,0
DA:293,0
DA:296,0
DA:302,0
DA:303,0
DA:312,0
DA:313,0
DA:314,0
DA:315,0
DA:316,0
DA:317,0
DA:323,0
DA:325,0
DA:331,0
DA:332,0
DA:333,0
DA:334,0
DA:335,0
DA:336,0
DA:337,0
DA:338,0
DA:339,0
DA:340,0
DA:341,0
DA:342,0
DA:343,0
DA:346,0
DA:351,0
DA:352,0
DA:355,0
DA:364,0
DA:365,0
DA:376,0
DA:377,0
DA:378,0
DA:379,0
DA:380,0
DA:381,0
DA:382,0
DA:383,0
DA:384,0
DA:385,0
DA:391,0
DA:393,0
DA:399,0
DA:400,0
DA:401,0
DA:402,0
DA:403,0
DA:404,0
DA:407,0
DA:412,0
DA:413,0
DA:417,0
DA:426,0
DA:427,0
DA:436,0
DA:437,0
DA:438,0
DA:439,0
DA:440,0
DA:441,0
DA:442,0
DA:443,0
DA:444,0
DA:445,0
DA:451,0
DA:453,0
DA:459,0
DA:460,0
DA:461,0
DA:465,0
DA:466,0
DA:469,0
DA:474,0
DA:475,0
DA:478,0
DA:487,0
DA:488,0
DA:497,0
DA:498,0
DA:499,0
DA:500,0
DA:501,0
DA:502,0
DA:503,0
DA:504,0
DA:505,0
DA:506,0
DA:512,0
DA:514,0
DA:520,0
DA:521,0
DA:522,0
DA:523,0
DA:527,0
DA:528,0
DA:531,0
DA:536,0
DA:537,0
DA:540,0
DA:549,0
DA:550,0
DA:559,0
DA:560,0
DA:561,0
DA:562,0
DA:563,0
DA:564,0
DA:565,0
DA:566,0
DA:567,0
DA:568,0
DA:574,0
DA:576,0
DA:582,0
DA:583,0
DA:584,0
DA:585,0
DA:589,0
DA:590,0
DA:593,0
DA:598,0
DA:599,0
DA:602,0
DA:611,0
DA:612,0
DA:621,0
DA:622,0
DA:623,0
DA:624,0
DA:625,0
DA:626,0
DA:627,0
DA:628,0
DA:634,0
DA:636,0
DA:643,0
DA:644,0
DA:645,0
DA:646,0
DA:647,0
DA:650,0
DA:651,0
DA:652,0
DA:655,0
DA:659,0
DA:660,0
DA:663,0
DA:668,0
DA:669,0
DA:672,0
DA:681,0
DA:682,0
DA:691,0
DA:692,0
DA:693,0
DA:694,0
DA:695,0
DA:696,0
DA:697,0
DA:698,0
DA:704,0
DA:706,0
DA:713,0
DA:714,0
DA:715,0
DA:716,0
DA:717,0
DA:720,0
DA:721,0
DA:722,0
DA:723,0
DA:726,0
DA:730,0
DA:731,0
DA:734,0
DA:739,0
DA:740,0
DA:743,0
DA:752,0
DA:753,0
DA:762,1
LF:300
LH:11
BRDA:22,0,0,0
BRDA:22,0,1,0
BRDA:55,1,0,0
BRDA:55,1,1,0
BRDA:81,2,0,0
BRDA:81,2,1,0
BRDA:82,3,0,0
BRDA:82,3,1,0
BRDA:90,4,0,0
BRDA:90,4,1,0
BRDA:91,5,0,0
BRDA:91,5,1,0
BRDA:98,6,0,0
BRDA:98,6,1,0
BRDA:120,7,0,0
BRDA:120,7,1,0
BRDA:149,8,0,0
BRDA:149,8,1,0
BRDA:150,9,0,0
BRDA:150,9,1,0
BRDA:162,10,0,0
BRDA:162,10,1,0
BRDA:163,11,0,0
BRDA:163,11,1,0
BRDA:167,12,0,0
BRDA:167,12,1,0
BRDA:195,13,0,0
BRDA:195,13,1,0
BRDA:217,14,0,0
BRDA:217,14,1,0
BRDA:218,15,0,0
BRDA:218,15,1,0
BRDA:226,16,0,0
BRDA:226,16,1,0
BRDA:227,17,0,0
BRDA:227,17,1,0
BRDA:233,18,0,0
BRDA:233,18,1,0
BRDA:253,19,0,0
BRDA:253,19,1,0
BRDA:280,20,0,0
BRDA:280,20,1,0
BRDA:281,21,0,0
BRDA:281,21,1,0
BRDA:289,22,0,0
BRDA:289,22,1,0
BRDA:290,23,0,0
BRDA:290,23,1,0
BRDA:293,24,0,0
BRDA:293,24,1,0
BRDA:314,25,0,0
BRDA:314,25,1,0
BRDA:342,26,0,0
BRDA:342,26,1,0
BRDA:343,27,0,0
BRDA:343,27,1,0
BRDA:351,28,0,0
BRDA:351,28,1,0
BRDA:352,29,0,0
BRDA:352,29,1,0
BRDA:358,30,0,0
BRDA:358,30,1,0
BRDA:382,31,0,0
BRDA:382,31,1,0
BRDA:403,32,0,0
BRDA:403,32,1,0
BRDA:404,33,0,0
BRDA:404,33,1,0
BRDA:412,34,0,0
BRDA:412,34,1,0
BRDA:413,35,0,0
BRDA:413,35,1,0
BRDA:420,36,0,0
BRDA:420,36,1,0
BRDA:442,37,0,0
BRDA:442,37,1,0
BRDA:465,38,0,0
BRDA:465,38,1,0
BRDA:466,39,0,0
BRDA:466,39,1,0
BRDA:474,40,0,0
BRDA:474,40,1,0
BRDA:475,41,0,0
BRDA:475,41,1,0
BRDA:481,42,0,0
BRDA:481,42,1,0
BRDA:503,43,0,0
BRDA:503,43,1,0
BRDA:527,44,0,0
BRDA:527,44,1,0
BRDA:528,45,0,0
BRDA:528,45,1,0
BRDA:536,46,0,0
BRDA:536,46,1,0
BRDA:537,47,0,0
BRDA:537,47,1,0
BRDA:543,48,0,0
BRDA:543,48,1,0
BRDA:565,49,0,0
BRDA:565,49,1,0
BRDA:589,50,0,0
BRDA:589,50,1,0
BRDA:590,51,0,0
BRDA:590,51,1,0
BRDA:598,52,0,0
BRDA:598,52,1,0
BRDA:599,53,0,0
BRDA:599,53,1,0
BRDA:605,54,0,0
BRDA:605,54,1,0
BRDA:625,55,0,0
BRDA:625,55,1,0
BRDA:646,56,0,0
BRDA:646,56,1,0
BRDA:647,57,0,0
BRDA:647,57,1,0
BRDA:659,58,0,0
BRDA:659,58,1,0
BRDA:660,59,0,0
BRDA:660,59,1,0
BRDA:668,60,0,0
BRDA:668,60,1,0
BRDA:669,61,0,0
BRDA:669,61,1,0
BRDA:675,62,0,0
BRDA:675,62,1,0
BRDA:695,63,0,0
BRDA:695,63,1,0
BRDA:716,64,0,0
BRDA:716,64,1,0
BRDA:717,65,0,0
BRDA:717,65,1,0
BRDA:730,66,0,0
BRDA:730,66,1,0
BRDA:731,67,0,0
BRDA:731,67,1,0
BRDA:739,68,0,0
BRDA:739,68,1,0
BRDA:740,69,0,0
BRDA:740,69,1,0
BRDA:746,70,0,0
BRDA:746,70,1,0
BRF:142
BRH:0
end_of_record
TN:
SF:controllers/create-cohort.js
FN:14,(anonymous_0)
FN:83,(anonymous_1)
FN:151,(anonymous_2)
FN:217,(anonymous_3)
FN:283,(anonymous_4)
FN:349,(anonymous_5)
FN:413,(anonymous_6)
FN:476,(anonymous_7)
FN:543,(anonymous_8)
FN:610,(anonymous_9)
FN:678,(anonymous_10)
FN:739,(anonymous_11)
FN:809,(anonymous_12)
FN:866,(anonymous_13)
FN:927,(anonymous_14)
FN:984,(anonymous_15)
FNF:16
FNH:0
FNDA:0,(anonymous_0)
FNDA:0,(anonymous_1)
FNDA:0,(anonymous_2)
FNDA:0,(anonymous_3)
FNDA:0,(anonymous_4)
FNDA:0,(anonymous_5)
FNDA:0,(anonymous_6)
FNDA:0,(anonymous_7)
FNDA:0,(anonymous_8)
FNDA:0,(anonymous_9)
FNDA:0,(anonymous_10)
FNDA:0,(anonymous_11)
FNDA:0,(anonymous_12)
FNDA:0,(anonymous_13)
FNDA:0,(anonymous_14)
FNDA:0,(anonymous_15)
DA:1,1
DA:2,1
DA:3,1
DA:4,1
DA:5,1
DA:6,1
DA:7,1
DA:8,1
DA:11,1
DA:13,1
DA:15,0
DA:16,0
DA:17,0
DA:18,0
DA:19,0
DA:20,0
DA:26,0
DA:28,0
DA:34,0
DA:35,0
DA:37,0
DA:38,0
DA:41,0
DA:42,0
DA:44,0
DA:47,0
DA:51,0
DA:52,0
DA:55,0
DA:60,0
DA:61,0
DA:65,0
DA:74,0
DA:75,0
DA:76,0
DA:84,0
DA:85,0
DA:86,0
DA:87,0
DA:88,0
DA:89,0
DA:95,0
DA:97,0
DA:103,0
DA:104,0
DA:106,0
DA:107,0
DA:110,0
DA:111,0
DA:113,0
DA:116,0
DA:120,0
DA:121,0
DA:124,0
DA:129,0
DA:130,0
DA:133,0
DA:142,0
DA:143,0
DA:144,0
DA:152,0
DA:153,0
DA:154,0
DA:155,0
DA:156,0
DA:157,0
DA:163,0
DA:165,0
DA:171,0
DA:172,0
DA:174,0
DA:175,0
DA:178,0
DA:179,0
DA:181,0
DA:184,0
DA:185,0
DA:186,0
DA:189,0
DA:194,0
DA:195,0
DA:199,0
DA:208,0
DA:209,0
DA:210,0
DA:218,0
DA:219,0
DA:220,0
DA:221,0
DA:222,0
DA:223,0
DA:229,0
DA:231,0
DA:237,0
DA:238,0
DA:240,0
DA:241,0
DA:244,0
DA:245,0
DA:247,0
DA:251,0
DA:252,0
DA:255,0
DA:260,0
DA:261,0
DA:264,0
DA:273,0
DA:274,0
DA:275,0
DA:284,0
DA:285,0
DA:286,0
DA:287,0
DA:288,0
DA:289,0
DA:295,0
DA:297,0
DA:303,0
DA:304,0
DA:306,0
DA:307,0
DA:310,0
DA:311,0
DA:313,0
DA:314,0
DA:318,0
DA:319,0
DA:322,0
DA:327,0
DA:328,0
DA:331,0
DA:340,0
DA:341,0
DA:342,0
DA:350,0
DA:351,0
DA:352,0
DA:353,0
DA:354,0
DA:355,0
DA:361,0
DA:363,0
DA:369,0
DA:370,0
DA:372,0
DA:373,0
DA:376,0
DA:377,0
DA:379,0
DA:380,0
DA:381,0
DA:382,0
DA:385,0
DA:390,0
DA:391,0
DA:395,0
DA:404,0
DA:405,0
DA:406,0
DA:414,0
DA:415,0
DA:416,0
DA:417,0
DA:418,0
DA:419,0
DA:425,0
DA:427,0
DA:433,0
DA:434,0
DA:436,0
DA:437,0
DA:440,0
DA:441,0
DA:443,0
DA:445,0
DA:446,0
DA:449,0
DA:454,0
DA:455,0
DA:458,0
DA:467,0
DA:468,0
DA:469,0
DA:477,0
DA:478,0
DA:479,0
DA:480,0
DA:481,0
DA:482,0
DA:488,0
DA:490,0
DA:496,0
DA:497,0
DA:499,0
DA:500,0
DA:503,0
DA:504,0
DA:506,0
DA:507,0
DA:511,0
DA:512,0
DA:515,0
DA:520,0
DA:521,0
DA:525,0
DA:534,0
DA:535,0
DA:536,0
DA:544,0
DA:545,0
DA:546,0
DA:547,0
DA:548,0
DA:549,0
DA:550,0
DA:551,0
DA:557,0
DA:559,0
DA:565,0
DA:566,0
DA:568,0
DA:569,0
DA:572,0
DA:573,0
DA:574,0
DA:575,0
DA:576,0
DA:580,0
DA:581,0
DA:584,0
DA:589,0
DA:590,0
DA:593,0
DA:602,0
DA:603,0
DA:611,0
DA:612,0
DA:613,0
DA:614,0
DA:615,0
DA:616,0
DA:617,0
DA:618,0
DA:624,0
DA:626,0
DA:632,0
DA:633,0
DA:635,0
DA:636,0
DA:639,0
DA:640,0
DA:641,0
DA:642,0
DA:643,0
DA:647,0
DA:648,0
DA:651,0
DA:656,0
DA:657,0
DA:660,0
DA:669,0
DA:670,0
DA:679,0
DA:680,0
DA:681,0
DA:682,0
DA:683,0
DA:684,0
DA:691,0
DA:692,0
DA:693,0
DA:695,0
DA:696,0
DA:698,0
DA:702,0
DA:707,0
DA:708,0
DA:712,0
DA:717,0
DA:718,0
DA:721,0
DA:730,0
DA:731,0
DA:732,0
DA:740,0
DA:741,0
DA:742,0
DA:743,0
DA:744,0
DA:745,0
DA:752,0
DA:753,0
DA:754,0
DA:757,0
DA:758,0
DA:760,0
DA:764,0
DA:769,0
DA:770,0
DA:773,0
DA:774,0
DA:780,0
DA:786,0
DA:787,0
DA:791,0
DA:800,0
DA:801,0
DA:802,0
DA:810,0
DA:811,0
DA:812,0
DA:813,0
DA:814,0
DA:815,0
DA:822,0
DA:823,0
DA:824,0
DA:827,0
DA:828,0
DA:830,0
DA:834,0
DA:835,0
DA:839,0
DA:844,0
DA:845,0
DA:848,0
DA:857,0
DA:858,0
DA:859,0
DA:867,0
DA:868,0
DA:869,0
DA:870,0
DA:871,0
DA:872,0
DA:879,0
DA:880,0
DA:881,0
DA:883,0
DA:884,0
DA:886,0
DA:890,0
DA:895,0
DA:896,0
DA:900,0
DA:905,0
DA:906,0
DA:909,0
DA:918,0
DA:919,0
DA:920,0
DA:928,0
DA:929,0
DA:930,0
DA:931,0
DA:932,0
DA:933,0
DA:940,0
DA:941,0
DA:942,0
DA:945,0
DA:946,0
DA:948,0
DA:952,0
DA:953,0
DA:957,0
DA:962,0
DA:963,0
DA:966,0
DA:975,0
DA:976,0
DA:977,0
DA:985,0
DA:986,0
DA:987,0
DA:988,0
DA:989,0
DA:990,0
DA:997,0
DA:998,0
DA:999,0
DA:1001,0
DA:1002,0
DA:1004,0
DA:1008,0
DA:1010,0
DA:1011,0
DA:1015,0
DA:1020,0
DA:1021,0
DA:1024,0
DA:1033,0
DA:1034,0
DA:1035,0
DA:1044,1
LF:395
LH:11
BRDA:17,0,0,0
BRDA:17,0,1,0
BRDA:37,1,0,0
BRDA:37,1,1,0
BRDA:51,2,0,0
BRDA:51,2,1,0
BRDA:52,3,0,0
BRDA:52,3,1,0
BRDA:60,4,0,0
BRDA:60,4,1,0
BRDA:61,5,0,0
BRDA:61,5,1,0
BRDA:68,6,0,0
BRDA:68,6,1,0
BRDA:86,7,0,0
BRDA:86,7,1,0
BRDA:106,8,0,0
BRDA:106,8,1,0
BRDA:120,9,0,0
BRDA:120,9,1,0
BRDA:121,10,0,0
BRDA:121,10,1,0
BRDA:129,11,0,0
BRDA:129,11,1,0
BRDA:130,12,0,0
BRDA:130,12,1,0
BRDA:136,13,0,0
BRDA:136,13,1,0
BRDA:154,14,0,0
BRDA:154,14,1,0
BRDA:174,15,0,0
BRDA:174,15,1,0
BRDA:185,16,0,0
BRDA:185,16,1,0
BRDA:186,17,0,0
BRDA:186,17,1,0
BRDA:194,18,0,0
BRDA:194,18,1,0
BRDA:195,19,0,0
BRDA:195,19,1,0
BRDA:202,20,0,0
BRDA:202,20,1,0
BRDA:220,21,0,0
BRDA:220,21,1,0
BRDA:240,22,0,0
BRDA:240,22,1,0
BRDA:251,23,0,0
BRDA:251,23,1,0
BRDA:252,24,0,0
BRDA:252,24,1,0
BRDA:260,25,0,0
BRDA:260,25,1,0
BRDA:261,26,0,0
BRDA:261,26,1,0
BRDA:267,27,0,0
BRDA:267,27,1,0
BRDA:286,28,0,0
BRDA:286,28,1,0
BRDA:306,29,0,0
BRDA:306,29,1,0
BRDA:318,30,0,0
BRDA:318,30,1,0
BRDA:319,31,0,0
BRDA:319,31,1,0
BRDA:327,32,0,0
BRDA:327,32,1,0
BRDA:328,33,0,0
BRDA:328,33,1,0
BRDA:334,34,0,0
BRDA:334,34,1,0
BRDA:352,35,0,0
BRDA:352,35,1,0
BRDA:372,36,0,0
BRDA:372,36,1,0
BRDA:381,37,0,0
BRDA:381,37,1,0
BRDA:382,38,0,0
BRDA:382,38,1,0
BRDA:390,39,0,0
BRDA:390,39,1,0
BRDA:391,40,0,0
BRDA:391,40,1,0
BRDA:398,41,0,0
BRDA:398,41,1,0
BRDA:416,42,0,0
BRDA:416,42,1,0
BRDA:436,43,0,0
BRDA:436,43,1,0
BRDA:445,44,0,0
BRDA:445,44,1,0
BRDA:446,45,0,0
BRDA:446,45,1,0
BRDA:454,46,0,0
BRDA:454,46,1,0
BRDA:455,47,0,0
BRDA:455,47,1,0
BRDA:461,48,0,0
BRDA:461,48,1,0
BRDA:479,49,0,0
BRDA:479,49,1,0
BRDA:499,50,0,0
BRDA:499,50,1,0
BRDA:511,51,0,0
BRDA:511,51,1,0
BRDA:512,52,0,0
BRDA:512,52,1,0
BRDA:520,53,0,0
BRDA:520,53,1,0
BRDA:521,54,0,0
BRDA:521,54,1,0
BRDA:528,55,0,0
BRDA:528,55,1,0
BRDA:548,56,0,0
BRDA:548,56,1,0
BRDA:568,57,0,0
BRDA:568,57,1,0
BRDA:580,58,0,0
BRDA:580,58,1,0
BRDA:581,59,0,0
BRDA:581,59,1,0
BRDA:589,60,0,0
BRDA:589,60,1,0
BRDA:590,61,0,0
BRDA:590,61,1,0
BRDA:596,62,0,0
BRDA:596,62,1,0
BRDA:615,63,0,0
BRDA:615,63,1,0
BRDA:635,64,0,0
BRDA:635,64,1,0
BRDA:647,65,0,0
BRDA:647,65,1,0
BRDA:648,66,0,0
BRDA:648,66,1,0
BRDA:656,67,0,0
BRDA:656,67,1,0
BRDA:657,68,0,0
BRDA:657,68,1,0
BRDA:663,69,0,0
BRDA:663,69,1,0
BRDA:682,70,0,0
BRDA:682,70,1,0
BRDA:692,71,0,0
BRDA:692,71,1,0
BRDA:707,72,0,0
BRDA:707,72,1,0
BRDA:708,73,0,0
BRDA:708,73,1,0
BRDA:717,74,0,0
BRDA:717,74,1,0
BRDA:718,75,0,0
BRDA:718,75,1,0
BRDA:724,76,0,0
BRDA:724,76,1,0
BRDA:743,77,0,0
BRDA:743,77,1,0
BRDA:753,78,0,0
BRDA:753,78,1,0
BRDA:769,79,0,0
BRDA:769,79,1,0
BRDA:770,80,0,0
BRDA:770,80,1,0
BRDA:773,81,0,0
BRDA:773,81,1,0
BRDA:786,82,0,0
BRDA:786,82,1,0
BRDA:787,83,0,0
BRDA:787,83,1,0
BRDA:794,84,0,0
BRDA:794,84,1,0
BRDA:813,85,0,0
BRDA:813,85,1,0
BRDA:823,86,0,0
BRDA:823,86,1,0
BRDA:824,87,0,0
BRDA:824,87,1,0
BRDA:834,88,0,0
BRDA:834,88,1,0
BRDA:835,89,0,0
BRDA:835,89,1,0
BRDA:844,90,0,0
BRDA:844,90,1,0
BRDA:845,91,0,0
BRDA:845,91,1,0
BRDA:851,92,0,0
BRDA:851,92,1,0
BRDA:870,93,0,0
BRDA:870,93,1,0
BRDA:880,94,0,0
BRDA:880,94,1,0
BRDA:895,95,0,0
BRDA:895,95,1,0
BRDA:896,96,0,0
BRDA:896,96,1,0
BRDA:905,97,0,0
BRDA:905,97,1,0
BRDA:906,98,0,0
BRDA:906,98,1,0
BRDA:912,99,0,0
BRDA:912,99,1,0
BRDA:931,100,0,0
BRDA:931,100,1,0
BRDA:941,101,0,0
BRDA:941,101,1,0
BRDA:952,102,0,0
BRDA:952,102,1,0
BRDA:953,103,0,0
BRDA:953,103,1,0
BRDA:962,104,0,0
BRDA:962,104,1,0
BRDA:963,105,0,0
BRDA:963,105,1,0
BRDA:969,106,0,0
BRDA:969,106,1,0
BRDA:988,107,0,0
BRDA:988,107,1,0
BRDA:998,108,0,0
BRDA:998,108,1,0
BRDA:1010,109,0,0
BRDA:1010,109,1,0
BRDA:1011,110,0,0
BRDA:1011,110,1,0
BRDA:1020,111,0,0
BRDA:1020,111,1,0
BRDA:1021,112,0,0
BRDA:1021,112,1,0
BRDA:1027,113,0,0
BRDA:1027,113,1,0
BRF:228
BRH:0
end_of_record
TN:
SF:controllers/create-device.js
FN:18,(anonymous_0)
FN:52,(anonymous_1)
FN:86,(anonymous_2)
FN:142,(anonymous_3)
FN:196,(anonymous_4)
FN:221,(anonymous_5)
FN:250,(anonymous_6)
FN:317,(anonymous_7)
FN:348,(anonymous_8)
FN:376,(anonymous_9)
FN:449,(anonymous_10)
FN:516,(anonymous_11)
FN:580,(anonymous_12)
FN:653,(anonymous_13)
FN:713,(anonymous_14)
FN:781,(anonymous_15)
FN:847,(anonymous_16)
FN:922,(anonymous_17)
FN:996,(anonymous_18)
FN:1068,(anonymous_19)
FN:1078,(anonymous_20)
FN:1082,(anonymous_21)
FN:1084,(anonymous_22)
FN:1100,(anonymous_23)
FN:1104,(anonymous_24)
FN:1108,(anonymous_25)
FN:1115,(anonymous_26)
FN:1128,(anonymous_27)
FN:1131,(anonymous_28)
FN:1141,(anonymous_29)
FN:1148,(anonymous_30)
FN:1153,(anonymous_31)
FN:1177,(anonymous_32)
FN:1181,(anonymous_33)
FNF:34
FNH:0
FNDA:0,(anonymous_0)
FNDA:0,(anonymous_1)
FNDA:0,(anonymous_2)
FNDA:0,(anonymous_3)
FNDA:0,(anonymous_4)
FNDA:0,(anonymous_5)
FNDA:0,(anonymous_6)
FNDA:0,(anonymous_7)
FNDA:0,(anonymous_8)
FNDA:0,(anonymous_9)
FNDA:0,(anonymous_10)
FNDA:0,(anonymous_11)
FNDA:0,(anonymous_12)
FNDA:0,(anonymous_13)
FNDA:0,(anonymous_14)
FNDA:0,(anonymous_15)
FNDA:0,(anonymous_16)
FNDA:0,(anonymous_17)
FNDA:0,(anonymous_18)
FNDA:0,(anonymous_19)
FNDA:0,(anonymous_20)
FNDA:0,(anonymous_21)
FNDA:0,(anonymous_22)
FNDA:0,(anonymous_23)
FNDA:0,(anonymous_24)
FNDA:0,(anonymous_25)
FNDA:0,(anonymous_26)
FNDA:0,(anonymous_27)
FNDA:0,(anonymous_28)
FNDA:0,(anonymous_29)
FNDA:0,(anonymous_30)
FNDA:0,(anonymous_31)
FNDA:0,(anonymous_32)
FNDA:0,(anonymous_33)
DA:1,1
DA:2,1
DA:3,1
DA:4,1
DA:5,1
DA:6,1
DA:7,1
DA:8,1
DA:9,1
DA:10,1
DA:11,1
DA:15,1
DA:17,1
DA:19,0
DA:20,0
DA:25,0
DA:26,0
DA:27,0
DA:28,0
DA:29,0
DA:35,0
DA:37,0
DA:44,0
DA:45,0
DA:53,0
DA:54,0
DA:59,0
DA:60,0
DA:61,0
DA:62,0
DA:63,0
DA:69,0
DA:71,0
DA:78,0
DA:79,0
DA:87,0
DA:88,0
DA:89,0
DA:90,0
DA:91,0
DA:92,0
DA:98,0
DA:100,0
DA:107,0
DA:108,0
DA:112,0
DA:113,0
DA:116,0
DA:121,0
DA:122,0
DA:125,0
DA:134,0
DA:135,0
DA:143,0
DA:144,0
DA:145,0
DA:146,0
DA:147,0
DA:148,0
DA:154,0
DA:156,0
DA:163,0
DA:164,0
DA:166,0
DA:167,0
DA:170,0
DA:175,0
DA:176,0
DA:179,0
DA:188,0
DA:189,0
DA:197,0
DA:198,0
DA:199,0
DA:200,0
DA:201,0
DA:202,0
DA:208,0
DA:210,0
DA:216,0
DA:217,0
DA:218,0
DA:219,0
DA:220,0
DA:221,0
DA:222,0
DA:223,0
DA:224,0
DA:230,0
DA:231,0
DA:234,0
DA:242,0
DA:243,0
DA:251,0
DA:252,0
DA:253,0
DA:254,0
DA:255,0
DA:256,0
DA:257,0
DA:258,0
DA:264,0
DA:266,0
DA:273,0
DA:274,0
DA:277,0
DA:278,0
DA:280,0
DA:286,0
DA:287,0
DA:290,0
DA:295,0
DA:296,0
DA:300,0
DA:309,0
DA:310,0
DA:318,0
DA:319,0
DA:320,0
DA:321,0
DA:322,0
DA:323,0
DA:329,0
DA:331,0
DA:337,0
DA:338,0
DA:339,0
DA:340,0
DA:341,0
DA:342,0
DA:343,0
DA:344,0
DA:345,0
DA:346,0
DA:348,0
DA:349,0
DA:350,0
DA:351,0
DA:356,0
DA:357,0
DA:360,0
DA:368,0
DA:369,0
DA:377,0
DA:379,0
DA:380,0
DA:381,0
DA:382,0
DA:383,0
DA:389,0
DA:391,0
DA:397,0
DA:399,0
DA:400,0
DA:408,0
DA:418,0
DA:419,0
DA:422,0
DA:427,0
DA:428,0
DA:431,0
DA:440,0
DA:441,0
DA:450,0
DA:452,0
DA:453,0
DA:454,0
DA:455,0
DA:456,0
DA:462,0
DA:464,0
DA:470,0
DA:471,0
DA:472,0
DA:473,0
DA:474,0
DA:475,0
DA:476,0
DA:477,0
DA:478,0
DA:479,0
DA:481,0
DA:485,0
DA:486,0
DA:489,0
DA:494,0
DA:495,0
DA:498,0
DA:507,0
DA:508,0
DA:517,0
DA:518,0
DA:519,0
DA:520,0
DA:521,0
DA:522,0
DA:523,0
DA:524,0
DA:530,0
DA:532,0
DA:539,0
DA:540,0
DA:543,0
DA:544,0
DA:546,0
DA:547,0
DA:548,0
DA:549,0
DA:552,0
DA:557,0
DA:558,0
DA:561,0
DA:570,0
DA:571,0
DA:572,0
DA:581,0
DA:582,0
DA:584,0
DA:585,0
DA:586,0
DA:587,0
DA:588,0
DA:594,0
DA:596,0
DA:602,0
DA:603,0
DA:604,0
DA:605,0
DA:606,0
DA:607,0
DA:608,0
DA:609,0
DA:610,0
DA:611,0
DA:613,0
DA:614,0
DA:622,0
DA:623,0
DA:626,0
DA:631,0
DA:632,0
DA:635,0
DA:644,0
DA:645,0
DA:654,0
DA:655,0
DA:656,0
DA:658,0
DA:659,0
DA:660,0
DA:661,0
DA:662,0
DA:668,0
DA:670,0
DA:676,0
DA:677,0
DA:682,0
DA:683,0
DA:686,0
DA:691,0
DA:692,0
DA:695,0
DA:704,0
DA:705,0
DA:714,0
DA:715,0
DA:716,0
DA:717,0
DA:718,0
DA:719,0
DA:720,0
DA:721,0
DA:727,0
DA:729,0
DA:735,0
DA:736,0
DA:737,0
DA:738,0
DA:740,0
DA:741,0
DA:742,0
DA:745,0
DA:750,0
DA:751,0
DA:754,0
DA:759,0
DA:760,0
DA:763,0
DA:772,0
DA:773,0
DA:782,0
DA:791,0
DA:792,0
DA:793,0
DA:794,0
DA:795,0
DA:801,0
DA:802,0
DA:804,0
DA:805,0
DA:806,0
DA:807,0
DA:808,0
DA:809,0
DA:810,0
DA:812,0
DA:814,0
DA:816,0
DA:817,0
DA:818,0
DA:819,0
DA:824,0
DA:825,0
DA:832,0
DA:834,0
DA:835,0
DA:838,0
DA:839,0
DA:848,0
DA:849,0
DA:851,0
DA:852,0
DA:853,0
DA:854,0
DA:855,0
DA:861,0
DA:863,0
DA:869,0
DA:870,0
DA:871,0
DA:872,0
DA:873,0
DA:874,0
DA:875,0
DA:876,0
DA:877,0
DA:878,0
DA:880,0
DA:881,0
DA:891,0
DA:892,0
DA:895,0
DA:900,0
DA:901,0
DA:904,0
DA:913,0
DA:914,0
DA:923,0
DA:925,0
DA:926,0
DA:927,0
DA:928,0
DA:929,0
DA:935,0
DA:937,0
DA:943,0
DA:945,0
DA:946,0
DA:954,0
DA:964,0
DA:965,0
DA:968,0
DA:973,0
DA:974,0
DA:978,0
DA:987,0
DA:988,0
DA:997,0
DA:998,0
DA:999,0
DA:1000,0
DA:1001,0
DA:1002,0
DA:1003,0
DA:1004,0
DA:1010,0
DA:1012,0
DA:1019,0
DA:1020,0
DA:1023,0
DA:1024,0
DA:1025,0
DA:1026,0
DA:1028,0
DA:1036,0
DA:1037,0
DA:1040,0
DA:1045,0
DA:1046,0
DA:1050,0
DA:1059,0
DA:1060,0
DA:1069,0
DA:1070,0
DA:1076,0
DA:1079,0
DA:1080,0
DA:1085,0
DA:1090,0
DA:1094,0
DA:1098,0
DA:1101,0
DA:1102,0
DA:1105,0
DA:1109,0
DA:1114,0
DA:1115,0
DA:1116,0
DA:1117,0
DA:1118,0
DA:1119,0
DA:1120,0
DA:1122,0
DA:1123,0
DA:1125,0
DA:1132,0
DA:1133,0
DA:1139,0
DA:1142,0
DA:1146,0
DA:1149,0
DA:1154,0
DA:1155,0
DA:1162,0
DA:1167,0
DA:1171,0
DA:1175,0
DA:1178,0
DA:1179,0
DA:1182,0
DA:1187,1
LF:431
LH:14
BRDA:26,0,0,0
BRDA:26,0,1,0
BRDA:60,1,0,0
BRDA:60,1,1,0
BRDA:89,2,0,0
BRDA:89,2,1,0
BRDA:112,3,0,0
BRDA:112,3,1,0
BRDA:113,4,0,0
BRDA:113,4,1,0
BRDA:121,5,0,0
BRDA:121,5,1,0
BRDA:122,6,0,0
BRDA:122,6,1,0
BRDA:128,7,0,0
BRDA:128,7,1,0
BRDA:145,8,0,0
BRDA:145,8,1,0
BRDA:166,9,0,0
BRDA:166,9,1,0
BRDA:167,10,0,0
BRDA:167,10,1,0
BRDA:175,11,0,0
BRDA:175,11,1,0
BRDA:176,12,0,0
BRDA:176,12,1,0
BRDA:182,13,0,0
BRDA:182,13,1,0
BRDA:199,14,0,0
BRDA:199,14,1,0
BRDA:222,15,0,0
BRDA:222,15,1,0
BRDA:223,16,0,0
BRDA:223,16,1,0
BRDA:230,17,0,0
BRDA:230,17,1,0
BRDA:231,18,0,0
BRDA:231,18,1,0
BRDA:237,19,0,0
BRDA:237,19,1,0
BRDA:255,20,0,0
BRDA:255,20,1,0
BRDA:273,21,0,0
BRDA:273,21,1,0
BRDA:286,22,0,0
BRDA:286,22,1,0
BRDA:287,23,0,0
BRDA:287,23,1,0
BRDA:295,24,0,0
BRDA:295,24,1,0
BRDA:296,25,0,0
BRDA:296,25,1,0
BRDA:303,26,0,0
BRDA:303,26,1,0
BRDA:320,27,0,0
BRDA:320,27,1,0
BRDA:349,28,0,0
BRDA:349,28,1,0
BRDA:350,29,0,0
BRDA:350,29,1,0
BRDA:356,30,0,0
BRDA:356,30,1,0
BRDA:357,31,0,0
BRDA:357,31,1,0
BRDA:363,32,0,0
BRDA:363,32,1,0
BRDA:380,33,0,0
BRDA:380,33,1,0
BRDA:418,34,0,0
BRDA:418,34,1,0
BRDA:419,35,0,0
BRDA:419,35,1,0
BRDA:427,36,0,0
BRDA:427,36,1,0
BRDA:428,37,0,0
BRDA:428,37,1,0
BRDA:434,38,0,0
BRDA:434,38,1,0
BRDA:453,39,0,0
BRDA:453,39,1,0
BRDA:485,40,0,0
BRDA:485,40,1,0
BRDA:486,41,0,0
BRDA:486,41,1,0
BRDA:494,42,0,0
BRDA:494,42,1,0
BRDA:495,43,0,0
BRDA:495,43,1,0
BRDA:501,44,0,0
BRDA:501,44,1,0
BRDA:521,45,0,0
BRDA:521,45,1,0
BRDA:539,46,0,0
BRDA:539,46,1,0
BRDA:540,47,0,0
BRDA:540,47,1,0
BRDA:548,48,0,0
BRDA:548,48,1,0
BRDA:549,49,0,0
BRDA:549,49,1,0
BRDA:557,50,0,0
BRDA:557,50,1,0
BRDA:558,51,0,0
BRDA:558,51,1,0
BRDA:564,52,0,0
BRDA:564,52,1,0
BRDA:585,53,0,0
BRDA:585,53,1,0
BRDA:622,54,0,0
BRDA:622,54,1,0
BRDA:623,55,0,0
BRDA:623,55,1,0
BRDA:631,56,0,0
BRDA:631,56,1,0
BRDA:632,57,0,0
BRDA:632,57,1,0
BRDA:638,58,0,0
BRDA:638,58,1,0
BRDA:659,59,0,0
BRDA:659,59,1,0
BRDA:682,60,0,0
BRDA:682,60,1,0
BRDA:683,61,0,0
BRDA:683,61,1,0
BRDA:691,62,0,0
BRDA:691,62,1,0
BRDA:692,63,0,0
BRDA:692,63,1,0
BRDA:698,64,0,0
BRDA:698,64,1,0
BRDA:718,65,0,0
BRDA:718,65,1,0
BRDA:737,66,0,0
BRDA:737,66,1,0
BRDA:750,67,0,0
BRDA:750,67,1,0
BRDA:751,68,0,0
BRDA:751,68,1,0
BRDA:759,69,0,0
BRDA:759,69,1,0
BRDA:760,70,0,0
BRDA:760,70,1,0
BRDA:766,71,0,0
BRDA:766,71,1,0
BRDA:794,72,0,0
BRDA:794,72,1,0
BRDA:794,73,0,0
BRDA:794,73,1,0
BRDA:794,73,2,0
BRDA:794,73,3,0
BRDA:816,74,0,0
BRDA:816,74,1,0
BRDA:818,75,0,0
BRDA:818,75,1,0
BRDA:852,76,0,0
BRDA:852,76,1,0
BRDA:891,77,0,0
BRDA:891,77,1,0
BRDA:892,78,0,0
BRDA:892,78,1,0
BRDA:900,79,0,0
BRDA:900,79,1,0
BRDA:901,80,0,0
BRDA:901,80,1,0
BRDA:907,81,0,0
BRDA:907,81,1,0
BRDA:926,82,0,0
BRDA:926,82,1,0
BRDA:964,83,0,0
BRDA:964,83,1,0
BRDA:965,84,0,0
BRDA:965,84,1,0
BRDA:973,85,0,0
BRDA:973,85,1,0
BRDA:974,86,0,0
BRDA:974,86,1,0
BRDA:981,87,0,0
BRDA:981,87,1,0
BRDA:1001,88,0,0
BRDA:1001,88,1,0
BRDA:1019,89,0,0
BRDA:1019,89,1,0
BRDA:1036,90,0,0
BRDA:1036,90,1,0
BRDA:1037,91,0,0
BRDA:1037,91,1,0
BRDA:1045,92,0,0
BRDA:1045,92,1,0
BRDA:1046,93,0,0
BRDA:1046,93,1,0
BRDA:1053,94,0,0
BRDA:1053,94,1,0
BRDA:1119,95,0,0
BRDA:1119,95,1,0
BRF:194
BRH:0
end_of_record
TN:
SF:controllers/create-event.js
FN:14,(anonymous_0)
FN:62,(anonymous_1)
FN:128,(anonymous_2)
FN:159,(anonymous_3)
FN:192,(anonymous_4)
FN:239,(anonymous_5)
FN:272,(anonymous_6)
FN:302,(anonymous_7)
FN:334,(anonymous_8)
FN:369,(anonymous_9)
FN:374,(anonymous_10)
FN:428,(anonymous_11)
FN:463,(anonymous_12)
FN:497,(anonymous_13)
FN:530,(anonymous_14)
FN:563,(anonymous_15)
FN:596,(anonymous_16)
FN:629,(anonymous_17)
FN:665,(anonymous_18)
FN:698,(anonymous_19)
FN:732,(anonymous_20)
FN:765,(anonymous_21)
FN:800,(anonymous_22)
FN:833,(anonymous_23)
FN:869,(anonymous_24)
FN:902,(anonymous_25)
FN:945,(anonymous_26)
FN:1004,(anonymous_27)
FN:1070,(anonymous_28)
FN:1135,(anonymous_29)
FN:1193,(anonymous_30)
FN:1194,(anonymous_31)
FN:1256,(anonymous_32)
FN:1325,(anonymous_33)
FN:1382,(anonymous_34)
FN:1416,(anonymous_35)
FN:1483,(anonymous_36)
FNF:37
FNH:0
FNDA:0,(anonymous_0)
FNDA:0,(anonymous_1)
FNDA:0,(anonymous_2)
FNDA:0,(anonymous_3)
FNDA:0,(anonymous_4)
FNDA:0,(anonymous_5)
FNDA:0,(anonymous_6)
FNDA:0,(anonymous_7)
FNDA:0,(anonymous_8)
FNDA:0,(anonymous_9)
FNDA:0,(anonymous_10)
FNDA:0,(anonymous_11)
FNDA:0,(anonymous_12)
FNDA:0,(anonymous_13)
FNDA:0,(anonymous_14)
FNDA:0,(anonymous_15)
FNDA:0,(anonymous_16)
FNDA:0,(anonymous_17)
FNDA:0,(anonymous_18)
FNDA:0,(anonymous_19)
FNDA:0,(anonymous_20)
FNDA:0,(anonymous_21)
FNDA:0,(anonymous_22)
FNDA:0,(anonymous_23)
FNDA:0,(anonymous_24)
FNDA:0,(anonymous_25)
FNDA:0,(anonymous_26)
FNDA:0,(anonymous_27)
FNDA:0,(anonymous_28)
FNDA:0,(anonymous_29)
FNDA:0,(anonymous_30)
FNDA:0,(anonymous_31)
FNDA:0,(anonymous_32)
FNDA:0,(anonymous_33)
FNDA:0,(anonymous_34)
FNDA:0,(anonymous_35)
FNDA:0,(anonymous_36)
DA:1,1
DA:2,1
DA:3,1
DA:4,1
DA:7,1
DA:8,1
DA:9,1
DA:10,1
DA:11,1
DA:13,1
DA:15,0
DA:16,0
DA:17,0
DA:18,0
DA:19,0
DA:20,0
DA:21,0
DA:22,0
DA:23,0
DA:29,0
DA:31,0
DA:38,0
DA:40,0
DA:41,0
DA:47,0
DA:53,0
DA:54,0
DA:63,0
DA:64,0
DA:65,0
DA:66,0
DA:67,0
DA:68,0
DA:69,0
DA:70,0
DA:76,0
DA:78,0
DA:84,0
DA:87,0
DA:88,0
DA:91,0
DA:92,0
DA:101,0
DA:106,0
DA:107,0
DA:110,0
DA:119,0
DA:120,0
DA:129,0
DA:130,0
DA:131,0
DA:132,0
DA:133,0
DA:134,0
DA:140,0
DA:142,0
DA:149,0
DA:150,0
DA:151,0
DA:153,0
DA:154,0
DA:155,0
DA:156,0
DA:157,0
DA:159,0
DA:160,0
DA:161,0
DA:162,0
DA:163,0
DA:170,0
DA:171,0
DA:172,0
DA:175,0
DA:183,0
DA:184,0
DA:193,0
DA:194,0
DA:195,0
DA:196,0
DA:197,0
DA:198,0
DA:204,0
DA:206,0
DA:213,0
DA:214,0
DA:215,0
DA:216,0
DA:218,0
DA:219,0
DA:222,0
DA:224,0
DA:225,0
DA:226,0
DA:229,0
DA:230,0
DA:231,0
DA:234,0
DA:235,0
DA:236,0
DA:237,0
DA:239,0
DA:240,0
DA:241,0
DA:242,0
DA:243,0
DA:250,0
DA:251,0
DA:254,0
DA:262,0
DA:263,0
DA:264,0
DA:273,0
DA:274,0
DA:275,0
DA:276,0
DA:277,0
DA:278,0
DA:284,0
DA:286,0
DA:292,0
DA:293,0
DA:294,0
DA:295,0
DA:296,0
DA:297,0
DA:298,0
DA:299,0
DA:300,0
DA:302,0
DA:303,0
DA:304,0
DA:305,0
DA:306,0
DA:313,0
DA:314,0
DA:317,0
DA:325,0
DA:326,0
DA:335,0
DA:336,0
DA:337,0
DA:338,0
DA:339,0
DA:340,0
DA:346,0
DA:348,0
DA:355,0
DA:357,0
DA:358,0
DA:360,0
DA:361,0
DA:362,0
DA:363,0
DA:364,0
DA:365,0
DA:366,0
DA:367,0
DA:369,0
DA:370,0
DA:371,0
DA:372,0
DA:373,0
DA:375,0
DA:376,0
DA:379,0
DA:380,0
DA:381,0
DA:392,0
DA:395,0
DA:399,0
DA:406,0
DA:407,0
DA:410,0
DA:411,0
DA:419,0
DA:420,0
DA:429,0
DA:430,0
DA:431,0
DA:432,0
DA:433,0
DA:434,0
DA:440,0
DA:442,0
DA:448,0
DA:449,0
DA:451,0
DA:452,0
DA:455,0
DA:457,0
DA:458,0
DA:459,0
DA:460,0
DA:461,0
DA:463,0
DA:464,0
DA:465,0
DA:466,0
DA:467,0
DA:474,0
DA:475,0
DA:478,0
DA:479,0
DA:487,0
DA:488,0
DA:489,0
DA:498,0
DA:499,0
DA:500,0
DA:501,0
DA:502,0
DA:503,0
DA:509,0
DA:511,0
DA:517,0
DA:518,0
DA:519,0
DA:521,0
DA:522,0
DA:523,0
DA:524,0
DA:525,0
DA:526,0
DA:527,0
DA:528,0
DA:530,0
DA:531,0
DA:532,0
DA:533,0
DA:534,0
DA:541,0
DA:542,0
DA:545,0
DA:546,0
DA:554,0
DA:555,0
DA:564,0
DA:565,0
DA:566,0
DA:567,0
DA:568,0
DA:569,0
DA:575,0
DA:577,0
DA:583,0
DA:584,0
DA:585,0
DA:587,0
DA:588,0
DA:589,0
DA:590,0
DA:591,0
DA:592,0
DA:593,0
DA:594,0
DA:596,0
DA:597,0
DA:598,0
DA:599,0
DA:600,0
DA:607,0
DA:608,0
DA:611,0
DA:612,0
DA:620,0
DA:621,0
DA:630,0
DA:631,0
DA:632,0
DA:633,0
DA:634,0
DA:635,0
DA:641,0
DA:643,0
DA:649,0
DA:650,0
DA:652,0
DA:653,0
DA:656,0
DA:657,0
DA:658,0
DA:659,0
DA:660,0
DA:661,0
DA:662,0
DA:663,0
DA:665,0
DA:666,0
DA:667,0
DA:668,0
DA:669,0
DA:676,0
DA:677,0
DA:680,0
DA:681,0
DA:689,0
DA:690,0
DA:699,0
DA:700,0
DA:701,0
DA:702,0
DA:703,0
DA:704,0
DA:710,0
DA:712,0
DA:719,0
DA:720,0
DA:721,0
DA:723,0
DA:724,0
DA:725,0
DA:726,0
DA:727,0
DA:728,0
DA:729,0
DA:730,0
DA:732,0
DA:733,0
DA:734,0
DA:735,0
DA:736,0
DA:743,0
DA:744,0
DA:747,0
DA:748,0
DA:756,0
DA:757,0
DA:766,0
DA:767,0
DA:768,0
DA:769,0
DA:770,0
DA:771,0
DA:777,0
DA:779,0
DA:785,0
DA:787,0
DA:788,0
DA:791,0
DA:792,0
DA:793,0
DA:794,0
DA:795,0
DA:796,0
DA:797,0
DA:798,0
DA:800,0
DA:801,0
DA:802,0
DA:803,0
DA:804,0
DA:811,0
DA:812,0
DA:815,0
DA:816,0
DA:824,0
DA:825,0
DA:834,0
DA:835,0
DA:836,0
DA:837,0
DA:838,0
DA:839,0
DA:845,0
DA:847,0
DA:853,0
DA:854,0
DA:856,0
DA:857,0
DA:860,0
DA:861,0
DA:862,0
DA:863,0
DA:864,0
DA:865,0
DA:866,0
DA:867,0
DA:869,0
DA:870,0
DA:871,0
DA:872,0
DA:873,0
DA:880,0
DA:881,0
DA:884,0
DA:885,0
DA:893,0
DA:894,0
DA:903,0
DA:904,0
DA:905,0
DA:907,0
DA:908,0
DA:910,0
DA:912,0
DA:916,0
DA:917,0
DA:920,0
DA:924,0
DA:925,0
DA:928,0
DA:936,0
DA:937,0
DA:946,0
DA:947,0
DA:948,0
DA:949,0
DA:950,0
DA:951,0
DA:957,0
DA:959,0
DA:966,0
DA:967,0
DA:969,0
DA:970,0
DA:972,0
DA:973,0
DA:974,0
DA:975,0
DA:976,0
DA:979,0
DA:982,0
DA:983,0
DA:986,0
DA:995,0
DA:996,0
DA:997,0
DA:1005,0
DA:1006,0
DA:1007,0
DA:1008,0
DA:1009,0
DA:1010,0
DA:1016,0
DA:1018,0
DA:1025,0
DA:1027,0
DA:1028,0
DA:1031,0
DA:1032,0
DA:1033,0
DA:1035,0
DA:1039,0
DA:1040,0
DA:1043,0
DA:1049,0
DA:1052,0
DA:1061,0
DA:1062,0
DA:1071,0
DA:1072,0
DA:1073,0
DA:1074,0
DA:1075,0
DA:1076,0
DA:1082,0
DA:1084,0
DA:1091,0
DA:1093,0
DA:1094,0
DA:1097,0
DA:1098,0
DA:1099,0
DA:1101,0
DA:1105,0
DA:1106,0
DA:1109,0
DA:1114,0
DA:1117,0
DA:1126,0
DA:1127,0
DA:1136,0
DA:1137,0
DA:1138,0
DA:1139,0
DA:1140,0
DA:1141,0
DA:1147,0
DA:1149,0
DA:1155,0
DA:1156,0
DA:1157,0
DA:1159,0
DA:1163,0
DA:1164,0
DA:1167,0
DA:1173,0
DA:1176,0
DA:1185,0
DA:1186,0
DA:1195,0
DA:1196,0
DA:1198,0
DA:1199,0
DA:1200,0
DA:1201,0
DA:1202,0
DA:1208,0
DA:1210,0
DA:1212,0
DA:1213,0
DA:1214,0
DA:1225,0
DA:1226,0
DA:1229,0
DA:1236,0
DA:1237,0
DA:1240,0
DA:1247,0
DA:1248,0
DA:1257,0
DA:1258,0
DA:1259,0
DA:1260,0
DA:1261,0
DA:1262,0
DA:1268,0
DA:1270,0
DA:1277,0
DA:1279,0
DA:1280,0
DA:1283,0
DA:1284,0
DA:1286,0
DA:1288,0
DA:1290,0
DA:1291,0
DA:1294,0
DA:1301,0
DA:1302,0
DA:1305,0
DA:1312,0
DA:1313,0
DA:1326,0
DA:1327,0
DA:1328,0
DA:1329,0
DA:1330,0
DA:1331,0
DA:1337,0
DA:1339,0
DA:1346,0
DA:1347,0
DA:1349,0
DA:1350,0
DA:1353,0
DA:1354,0
DA:1355,0
DA:1356,0
DA:1357,0
DA:1358,0
DA:1359,0
DA:1360,0
DA:1362,0
DA:1366,0
DA:1371,0
DA:1372,0
DA:1375,0
DA:1376,0
DA:1377,0
DA:1382,0
DA:1383,0
DA:1384,0
DA:1385,0
DA:1386,0
DA:1393,0
DA:1394,0
DA:1397,0
DA:1405,0
DA:1406,0
DA:1407,0
DA:1408,0
DA:1417,0
DA:1418,0
DA:1419,0
DA:1420,0
DA:1421,0
DA:1422,0
DA:1428,0
DA:1430,0
DA:1436,0
DA:1438,0
DA:1440,0
DA:1441,0
DA:1443,0
DA:1444,0
DA:1445,0
DA:1446,0
DA:1447,0
DA:1448,0
DA:1449,0
DA:1450,0
DA:1451,0
DA:1452,0
DA:1453,0
DA:1454,0
DA:1456,0
DA:1459,0
DA:1463,0
DA:1464,0
DA:1467,0
DA:1470,0
DA:1473,0
DA:1476,0
DA:1477,0
DA:1479,0
DA:1483,0
DA:1484,0
DA:1485,0
DA:1486,0
DA:1487,0
DA:1494,0
DA:1495,0
DA:1498,0
DA:1508,0
DA:1509,0
DA:1518,1
LF:617
LH:11
BRDA:20,0,0,0
BRDA:20,0,1,0
BRDA:40,1,0,0
BRDA:40,1,1,0
BRDA:67,2,0,0
BRDA:67,2,1,0
BRDA:87,3,0,0
BRDA:87,3,1,0
BRDA:88,4,0,0
BRDA:88,4,1,0
BRDA:91,5,0,0
BRDA:91,5,1,0
BRDA:91,6,0,0
BRDA:91,6,1,0
BRDA:106,7,0,0
BRDA:106,7,1,0
BRDA:107,8,0,0
BRDA:107,8,1,0
BRDA:113,9,0,0
BRDA:113,9,1,0
BRDA:131,10,0,0
BRDA:131,10,1,0
BRDA:150,11,0,0
BRDA:150,11,1,0
BRDA:161,12,0,0
BRDA:161,12,1,0
BRDA:162,13,0,0
BRDA:162,13,1,0
BRDA:170,14,0,0
BRDA:170,14,1,0
BRDA:172,15,0,0
BRDA:172,15,1,0
BRDA:177,16,0,0
BRDA:177,16,1,0
BRDA:195,17,0,0
BRDA:195,17,1,0
BRDA:218,18,0,0
BRDA:218,18,1,0
BRDA:224,19,0,0
BRDA:224,19,1,0
BRDA:229,20,0,0
BRDA:229,20,1,0
BRDA:241,21,0,0
BRDA:241,21,1,0
BRDA:242,22,0,0
BRDA:242,22,1,0
BRDA:250,23,0,0
BRDA:250,23,1,0
BRDA:251,24,0,0
BRDA:251,24,1,0
BRDA:256,25,0,0
BRDA:256,25,1,0
BRDA:275,26,0,0
BRDA:275,26,1,0
BRDA:304,27,0,0
BRDA:304,27,1,0
BRDA:305,28,0,0
BRDA:305,28,1,0
BRDA:313,29,0,0
BRDA:313,29,1,0
BRDA:314,30,0,0
BRDA:314,30,1,0
BRDA:319,31,0,0
BRDA:319,31,1,0
BRDA:337,32,0,0
BRDA:337,32,1,0
BRDA:357,33,0,0
BRDA:357,33,1,0
BRDA:371,34,0,0
BRDA:371,34,1,0
BRDA:372,35,0,0
BRDA:372,35,1,0
BRDA:375,36,0,0
BRDA:375,36,1,0
BRDA:380,37,0,0
BRDA:380,37,1,0
BRDA:380,38,0,0
BRDA:380,38,1,0
BRDA:383,39,0,0
BRDA:383,39,1,0
BRDA:385,40,0,0
BRDA:385,40,1,0
BRDA:387,41,0,0
BRDA:387,41,1,0
BRDA:389,42,0,0
BRDA:389,42,1,0
BRDA:406,43,0,0
BRDA:406,43,1,0
BRDA:407,44,0,0
BRDA:407,44,1,0
BRDA:410,45,0,0
BRDA:410,45,1,0
BRDA:431,46,0,0
BRDA:431,46,1,0
BRDA:451,47,0,0
BRDA:451,47,1,0
BRDA:465,48,0,0
BRDA:465,48,1,0
BRDA:466,49,0,0
BRDA:466,49,1,0
BRDA:474,50,0,0
BRDA:474,50,1,0
BRDA:475,51,0,0
BRDA:475,51,1,0
BRDA:478,52,0,0
BRDA:478,52,1,0
BRDA:500,53,0,0
BRDA:500,53,1,0
BRDA:518,54,0,0
BRDA:518,54,1,0
BRDA:527,55,0,0
BRDA:527,55,1,0
BRDA:532,56,0,0
BRDA:532,56,1,0
BRDA:533,57,0,0
BRDA:533,57,1,0
BRDA:541,58,0,0
BRDA:541,58,1,0
BRDA:542,59,0,0
BRDA:542,59,1,0
BRDA:545,60,0,0
BRDA:545,60,1,0
BRDA:566,61,0,0
BRDA:566,61,1,0
BRDA:584,62,0,0
BRDA:584,62,1,0
BRDA:593,63,0,0
BRDA:593,63,1,0
BRDA:598,64,0,0
BRDA:598,64,1,0
BRDA:599,65,0,0
BRDA:599,65,1,0
BRDA:607,66,0,0
BRDA:607,66,1,0
BRDA:608,67,0,0
BRDA:608,67,1,0
BRDA:611,68,0,0
BRDA:611,68,1,0
BRDA:632,69,0,0
BRDA:632,69,1,0
BRDA:652,70,0,0
BRDA:652,70,1,0
BRDA:662,71,0,0
BRDA:662,71,1,0
BRDA:667,72,0,0
BRDA:667,72,1,0
BRDA:668,73,0,0
BRDA:668,73,1,0
BRDA:676,74,0,0
BRDA:676,74,1,0
BRDA:677,75,0,0
BRDA:677,75,1,0
BRDA:680,76,0,0
BRDA:680,76,1,0
BRDA:701,77,0,0
BRDA:701,77,1,0
BRDA:720,78,0,0
BRDA:720,78,1,0
BRDA:729,79,0,0
BRDA:729,79,1,0
BRDA:734,80,0,0
BRDA:734,80,1,0
BRDA:735,81,0,0
BRDA:735,81,1,0
BRDA:743,82,0,0
BRDA:743,82,1,0
BRDA:744,83,0,0
BRDA:744,83,1,0
BRDA:747,84,0,0
BRDA:747,84,1,0
BRDA:768,85,0,0
BRDA:768,85,1,0
BRDA:787,86,0,0
BRDA:787,86,1,0
BRDA:797,87,0,0
BRDA:797,87,1,0
BRDA:802,88,0,0
BRDA:802,88,1,0
BRDA:803,89,0,0
BRDA:803,89,1,0
BRDA:811,90,0,0
BRDA:811,90,1,0
BRDA:812,91,0,0
BRDA:812,91,1,0
BRDA:815,92,0,0
BRDA:815,92,1,0
BRDA:836,93,0,0
BRDA:836,93,1,0
BRDA:856,94,0,0
BRDA:856,94,1,0
BRDA:866,95,0,0
BRDA:866,95,1,0
BRDA:871,96,0,0
BRDA:871,96,1,0
BRDA:872,97,0,0
BRDA:872,97,1,0
BRDA:880,98,0,0
BRDA:880,98,1,0
BRDA:881,99,0,0
BRDA:881,99,1,0
BRDA:884,100,0,0
BRDA:884,100,1,0
BRDA:907,101,0,0
BRDA:907,101,1,0
BRDA:916,102,0,0
BRDA:916,102,1,0
BRDA:917,103,0,0
BRDA:917,103,1,0
BRDA:924,104,0,0
BRDA:924,104,1,0
BRDA:925,105,0,0
BRDA:925,105,1,0
BRDA:930,106,0,0
BRDA:930,106,1,0
BRDA:948,107,0,0
BRDA:948,107,1,0
BRDA:969,108,0,0
BRDA:969,108,1,0
BRDA:975,109,0,0
BRDA:975,109,1,0
BRDA:976,110,0,0
BRDA:976,110,1,0
BRDA:982,111,0,0
BRDA:982,111,1,0
BRDA:983,112,0,0
BRDA:983,112,1,0
BRDA:989,113,0,0
BRDA:989,113,1,0
BRDA:1007,114,0,0
BRDA:1007,114,1,0
BRDA:1027,115,0,0
BRDA:1027,115,1,0
BRDA:1033,116,0,0
BRDA:1033,116,1,0
BRDA:1039,117,0,0
BRDA:1039,117,1,0
BRDA:1040,118,0,0
BRDA:1040,118,1,0
BRDA:1049,119,0,0
BRDA:1049,119,1,0
BRDA:1055,120,0,0
BRDA:1055,120,1,0
BRDA:1073,121,0,0
BRDA:1073,121,1,0
BRDA:1093,122,0,0
BRDA:1093,122,1,0
BRDA:1099,123,0,0
BRDA:1099,123,1,0
BRDA:1105,124,0,0
BRDA:1105,124,1,0
BRDA:1106,125,0,0
BRDA:1106,125,1,0
BRDA:1114,126,0,0
BRDA:1114,126,1,0
BRDA:1120,127,0,0
BRDA:1120,127,1,0
BRDA:1138,128,0,0
BRDA:1138,128,1,0
BRDA:1163,129,0,0
BRDA:1163,129,1,0
BRDA:1164,130,0,0
BRDA:1164,130,1,0
BRDA:1173,131,0,0
BRDA:1173,131,1,0
BRDA:1179,132,0,0
BRDA:1179,132,1,0
BRDA:1199,133,0,0
BRDA:1199,133,1,0
BRDA:1225,134,0,0
BRDA:1225,134,1,0
BRDA:1226,135,0,0
BRDA:1226,135,1,0
BRDA:1232,136,0,0
BRDA:1232,136,1,0
BRDA:1236,137,0,0
BRDA:1236,137,1,0
BRDA:1237,138,0,0
BRDA:1237,138,1,0
BRDA:1259,139,0,0
BRDA:1259,139,1,0
BRDA:1279,140,0,0
BRDA:1279,140,1,0
BRDA:1290,141,0,0
BRDA:1290,141,1,0
BRDA:1291,142,0,0
BRDA:1291,142,1,0
BRDA:1297,143,0,0
BRDA:1297,143,1,0
BRDA:1301,144,0,0
BRDA:1301,144,1,0
BRDA:1302,145,0,0
BRDA:1302,145,1,0
BRDA:1328,146,0,0
BRDA:1328,146,1,0
BRDA:1349,147,0,0
BRDA:1349,147,1,0
BRDA:1371,148,0,0
BRDA:1371,148,1,0
BRDA:1372,149,0,0
BRDA:1372,149,1,0
BRDA:1376,150,0,0
BRDA:1376,150,1,0
BRDA:1384,151,0,0
BRDA:1384,151,1,0
BRDA:1385,152,0,0
BRDA:1385,152,1,0
BRDA:1393,153,0,0
BRDA:1393,153,1,0
BRDA:1394,154,0,0
BRDA:1394,154,1,0
BRDA:1399,155,0,0
BRDA:1399,155,1,0
BRDA:1419,156,0,0
BRDA:1419,156,1,0
BRDA:1440,157,0,0
BRDA:1440,157,1,0
BRDA:1453,158,0,0
BRDA:1453,158,1,0
BRDA:1463,159,0,0
BRDA:1463,159,1,0
BRDA:1464,160,0,0
BRDA:1464,160,1,0
BRDA:1470,161,0,0
BRDA:1470,161,1,0
BRDA:1473,162,0,0
BRDA:1473,162,1,0
BRDA:1476,163,0,0
BRDA:1476,163,1,0
BRDA:1485,164,0,0
BRDA:1485,164,1,0
BRDA:1486,165,0,0
BRDA:1486,165,1,0
BRDA:1494,166,0,0
BRDA:1494,166,1,0
BRDA:1495,167,0,0
BRDA:1495,167,1,0
BRDA:1500,168,0,0
BRDA:1500,168,1,0
BRF:338
BRH:0
end_of_record
TN:
SF:controllers/create-grid.js
FN:15,(anonymous_0)
FN:81,(anonymous_1)
FN:149,(anonymous_2)
FN:217,(anonymous_3)
FN:286,(anonymous_4)
FN:351,(anonymous_5)
FN:423,(anonymous_6)
FN:486,(anonymous_7)
FN:545,(anonymous_8)
FN:604,(anonymous_9)
FN:665,(anonymous_10)
FN:730,(anonymous_11)
FN:796,(anonymous_12)
FN:865,(anonymous_13)
FN:925,(anonymous_14)
FN:959,(anonymous_15)
FN:1020,(anonymous_16)
FNF:17
FNH:0
FNDA:0,(anonymous_0)
FNDA:0,(anonymous_1)
FNDA:0,(anonymous_2)
FNDA:0,(anonymous_3)
FNDA:0,(anonymous_4)
FNDA:0,(anonymous_5)
FNDA:0,(anonymous_6)
FNDA:0,(anonymous_7)
FNDA:0,(anonymous_8)
FNDA:0,(anonymous_9)
FNDA:0,(anonymous_10)
FNDA:0,(anonymous_11)
FNDA:0,(anonymous_12)
FNDA:0,(anonymous_13)
FNDA:0,(anonymous_14)
FNDA:0,(anonymous_15)
FNDA:0,(anonymous_16)
DA:1,1
DA:2,1
DA:3,1
DA:4,1
DA:5,1
DA:6,1
DA:7,1
DA:8,1
DA:11,1
DA:13,1
DA:16,0
DA:17,0
DA:18,0
DA:19,0
DA:20,0
DA:21,0
DA:27,0
DA:29,0
DA:35,0
DA:36,0
DA:37,0
DA:38,0
DA:40,0
DA:41,0
DA:43,0
DA:46,0
DA:50,0
DA:51,0
DA:54,0
DA:59,0
DA:60,0
DA:64,0
DA:73,0
DA:74,0
DA:82,0
DA:83,0
DA:84,0
DA:85,0
DA:86,0
DA:87,0
DA:93,0
DA:95,0
DA:101,0
DA:102,0
DA:104,0
DA:105,0
DA:108,0
DA:109,0
DA:111,0
DA:114,0
DA:118,0
DA:119,0
DA:122,0
DA:127,0
DA:128,0
DA:132,0
DA:141,0
DA:142,0
DA:150,0
DA:151,0
DA:152,0
DA:153,0
DA:154,0
DA:155,0
DA:161,0
DA:163,0
DA:169,0
DA:170,0
DA:172,0
DA:173,0
DA:176,0
DA:177,0
DA:179,0
DA:182,0
DA:186,0
DA:187,0
DA:190,0
DA:195,0
DA:196,0
DA:200,0
DA:209,0
DA:210,0
DA:218,0
DA:219,0
DA:220,0
DA:221,0
DA:222,0
DA:223,0
DA:229,0
DA:231,0
DA:237,0
DA:238,0
DA:240,0
DA:241,0
DA:244,0
DA:245,0
DA:247,0
DA:250,0
DA:254,0
DA:255,0
DA:258,0
DA:263,0
DA:264,0
DA:268,0
DA:277,0
DA:278,0
DA:287,0
DA:288,0
DA:289,0
DA:290,0
DA:291,0
DA:292,0
DA:293,0
DA:299,0
DA:301,0
DA:308,0
DA:309,0
DA:311,0
DA:312,0
DA:315,0
DA:316,0
DA:318,0
DA:320,0
DA:321,0
DA:324,0
DA:329,0
DA:330,0
DA:334,0
DA:343,0
DA:344,0
DA:352,0
DA:353,0
DA:354,0
DA:355,0
DA:356,0
DA:357,0
DA:363,0
DA:365,0
DA:372,0
DA:373,0
DA:375,0
DA:376,0
DA:379,0
DA:380,0
DA:382,0
DA:386,0
DA:387,0
DA:390,0
DA:394,0
DA:399,0
DA:400,0
DA:404,0
DA:408,0
DA:415,0
DA:416,0
DA:424,0
DA:425,0
DA:426,0
DA:427,0
DA:428,0
DA:429,0
DA:430,0
DA:431,0
DA:437,0
DA:439,0
DA:446,0
DA:447,0
DA:448,0
DA:449,0
DA:451,0
DA:452,0
DA:454,0
DA:456,0
DA:457,0
DA:460,0
DA:465,0
DA:466,0
DA:469,0
DA:478,0
DA:479,0
DA:487,0
DA:488,0
DA:489,0
DA:490,0
DA:491,0
DA:492,0
DA:498,0
DA:500,0
DA:507,0
DA:508,0
DA:509,0
DA:510,0
DA:512,0
DA:513,0
DA:515,0
DA:516,0
DA:517,0
DA:520,0
DA:525,0
DA:526,0
DA:529,0
DA:537,0
DA:538,0
DA:546,0
DA:547,0
DA:548,0
DA:549,0
DA:550,0
DA:551,0
DA:557,0
DA:559,0
DA:565,0
DA:566,0
DA:567,0
DA:568,0
DA:570,0
DA:571,0
DA:572,0
DA:573,0
DA:574,0
DA:575,0
DA:578,0
DA:583,0
DA:584,0
DA:587,0
DA:596,0
DA:597,0
DA:605,0
DA:606,0
DA:607,0
DA:608,0
DA:609,0
DA:610,0
DA:611,0
DA:617,0
DA:619,0
DA:625,0
DA:626,0
DA:627,0
DA:628,0
DA:630,0
DA:631,0
DA:632,0
DA:633,0
DA:634,0
DA:635,0
DA:638,0
DA:643,0
DA:644,0
DA:648,0
DA:657,0
DA:658,0
DA:666,0
DA:667,0
DA:668,0
DA:669,0
DA:670,0
DA:671,0
DA:672,0
DA:673,0
DA:679,0
DA:681,0
DA:687,0
DA:688,0
DA:689,0
DA:690,0
DA:692,0
DA:693,0
DA:695,0
DA:696,0
DA:700,0
DA:701,0
DA:704,0
DA:709,0
DA:710,0
DA:713,0
DA:722,0
DA:723,0
DA:731,0
DA:732,0
DA:733,0
DA:734,0
DA:735,0
DA:736,0
DA:737,0
DA:738,0
DA:744,0
DA:746,0
DA:753,0
DA:754,0
DA:755,0
DA:756,0
DA:758,0
DA:759,0
DA:760,0
DA:761,0
DA:762,0
DA:766,0
DA:767,0
DA:770,0
DA:775,0
DA:776,0
DA:779,0
DA:788,0
DA:789,0
DA:797,0
DA:798,0
DA:799,0
DA:800,0
DA:801,0
DA:802,0
DA:803,0
DA:804,0
DA:810,0
DA:812,0
DA:819,0
DA:820,0
DA:821,0
DA:822,0
DA:824,0
DA:825,0
DA:826,0
DA:828,0
DA:829,0
DA:833,0
DA:834,0
DA:837,0
DA:842,0
DA:843,0
DA:846,0
DA:855,0
DA:856,0
DA:866,0
DA:867,0
DA:868,0
DA:869,0
DA:870,0
DA:871,0
DA:872,0
DA:873,0
DA:879,0
DA:881,0
DA:887,0
DA:888,0
DA:889,0
DA:890,0
DA:892,0
DA:893,0
DA:894,0
DA:897,0
DA:898,0
DA:901,0
DA:908,0
DA:911,0
DA:917,0
DA:918,0
DA:926,0
DA:927,0
DA:932,0
DA:933,0
DA:934,0
DA:935,0
DA:936,0
DA:938,0
DA:939,0
DA:940,0
DA:943,0
DA:944,0
DA:947,0
DA:950,0
DA:951,0
DA:952,0
DA:960,0
DA:961,0
DA:962,0
DA:963,0
DA:964,0
DA:965,0
DA:972,0
DA:973,0
DA:974,0
DA:976,0
DA:977,0
DA:979,0
DA:983,0
DA:988,0
DA:989,0
DA:993,0
DA:998,0
DA:999,0
DA:1002,0
DA:1011,0
DA:1012,0
DA:1013,0
DA:1021,0
DA:1022,0
DA:1023,0
DA:1024,0
DA:1025,0
DA:1026,0
DA:1033,0
DA:1034,0
DA:1035,0
DA:1038,0
DA:1039,0
DA:1041,0
DA:1045,0
DA:1050,0
DA:1051,0
DA:1054,0
DA:1055,0
DA:1061,0
DA:1066,0
DA:1067,0
DA:1071,0
DA:1080,0
DA:1081,0
DA:1082,0
DA:1091,1
LF:419
LH:11
BRDA:18,0,0,0
BRDA:18,0,1,0
BRDA:37,1,0,0
BRDA:37,1,1,0
BRDA:50,2,0,0
BRDA:50,2,1,0
BRDA:51,3,0,0
BRDA:51,3,1,0
BRDA:59,4,0,0
BRDA:59,4,1,0
BRDA:60,5,0,0
BRDA:60,5,1,0
BRDA:67,6,0,0
BRDA:67,6,1,0
BRDA:84,7,0,0
BRDA:84,7,1,0
BRDA:104,8,0,0
BRDA:104,8,1,0
BRDA:118,9,0,0
BRDA:118,9,1,0
BRDA:119,10,0,0
BRDA:119,10,1,0
BRDA:127,11,0,0
BRDA:127,11,1,0
BRDA:128,12,0,0
BRDA:128,12,1,0
BRDA:135,13,0,0
BRDA:135,13,1,0
BRDA:152,14,0,0
BRDA:152,14,1,0
BRDA:172,15,0,0
BRDA:172,15,1,0
BRDA:186,16,0,0
BRDA:186,16,1,0
BRDA:187,17,0,0
BRDA:187,17,1,0
BRDA:195,18,0,0
BRDA:195,18,1,0
BRDA:196,19,0,0
BRDA:196,19,1,0
BRDA:203,20,0,0
BRDA:203,20,1,0
BRDA:220,21,0,0
BRDA:220,21,1,0
BRDA:240,22,0,0
BRDA:240,22,1,0
BRDA:254,23,0,0
BRDA:254,23,1,0
BRDA:255,24,0,0
BRDA:255,24,1,0
BRDA:263,25,0,0
BRDA:263,25,1,0
BRDA:264,26,0,0
BRDA:264,26,1,0
BRDA:271,27,0,0
BRDA:271,27,1,0
BRDA:290,28,0,0
BRDA:290,28,1,0
BRDA:311,29,0,0
BRDA:311,29,1,0
BRDA:320,30,0,0
BRDA:320,30,1,0
BRDA:321,31,0,0
BRDA:321,31,1,0
BRDA:329,32,0,0
BRDA:329,32,1,0
BRDA:330,33,0,0
BRDA:330,33,1,0
BRDA:337,34,0,0
BRDA:337,34,1,0
BRDA:354,35,0,0
BRDA:354,35,1,0
BRDA:375,36,0,0
BRDA:375,36,1,0
BRDA:386,37,0,0
BRDA:386,37,1,0
BRDA:387,38,0,0
BRDA:387,38,1,0
BRDA:399,39,0,0
BRDA:399,39,1,0
BRDA:400,40,0,0
BRDA:400,40,1,0
BRDA:404,41,0,0
BRDA:404,41,1,0
BRDA:428,42,0,0
BRDA:428,42,1,0
BRDA:448,43,0,0
BRDA:448,43,1,0
BRDA:456,44,0,0
BRDA:456,44,1,0
BRDA:457,45,0,0
BRDA:457,45,1,0
BRDA:465,46,0,0
BRDA:465,46,1,0
BRDA:466,47,0,0
BRDA:466,47,1,0
BRDA:472,48,0,0
BRDA:472,48,1,0
BRDA:489,49,0,0
BRDA:489,49,1,0
BRDA:509,50,0,0
BRDA:509,50,1,0
BRDA:516,51,0,0
BRDA:516,51,1,0
BRDA:517,52,0,0
BRDA:517,52,1,0
BRDA:525,53,0,0
BRDA:525,53,1,0
BRDA:526,54,0,0
BRDA:526,54,1,0
BRDA:531,55,0,0
BRDA:531,55,1,0
BRDA:548,56,0,0
BRDA:548,56,1,0
BRDA:567,57,0,0
BRDA:567,57,1,0
BRDA:574,58,0,0
BRDA:574,58,1,0
BRDA:575,59,0,0
BRDA:575,59,1,0
BRDA:583,60,0,0
BRDA:583,60,1,0
BRDA:584,61,0,0
BRDA:584,61,1,0
BRDA:590,62,0,0
BRDA:590,62,1,0
BRDA:608,63,0,0
BRDA:608,63,1,0
BRDA:627,64,0,0
BRDA:627,64,1,0
BRDA:634,65,0,0
BRDA:634,65,1,0
BRDA:635,66,0,0
BRDA:635,66,1,0
BRDA:643,67,0,0
BRDA:643,67,1,0
BRDA:644,68,0,0
BRDA:644,68,1,0
BRDA:651,69,0,0
BRDA:651,69,1,0
BRDA:670,70,0,0
BRDA:670,70,1,0
BRDA:689,71,0,0
BRDA:689,71,1,0
BRDA:700,72,0,0
BRDA:700,72,1,0
BRDA:701,73,0,0
BRDA:701,73,1,0
BRDA:709,74,0,0
BRDA:709,74,1,0
BRDA:710,75,0,0
BRDA:710,75,1,0
BRDA:716,76,0,0
BRDA:716,76,1,0
BRDA:735,77,0,0
BRDA:735,77,1,0
BRDA:755,78,0,0
BRDA:755,78,1,0
BRDA:766,79,0,0
BRDA:766,79,1,0
BRDA:767,80,0,0
BRDA:767,80,1,0
BRDA:775,81,0,0
BRDA:775,81,1,0
BRDA:776,82,0,0
BRDA:776,82,1,0
BRDA:782,83,0,0
BRDA:782,83,1,0
BRDA:801,84,0,0
BRDA:801,84,1,0
BRDA:821,85,0,0
BRDA:821,85,1,0
BRDA:833,86,0,0
BRDA:833,86,1,0
BRDA:834,87,0,0
BRDA:834,87,1,0
BRDA:842,88,0,0
BRDA:842,88,1,0
BRDA:843,89,0,0
BRDA:843,89,1,0
BRDA:849,90,0,0
BRDA:849,90,1,0
BRDA:870,91,0,0
BRDA:870,91,1,0
BRDA:889,92,0,0
BRDA:889,92,1,0
BRDA:897,93,0,0
BRDA:897,93,1,0
BRDA:898,94,0,0
BRDA:898,94,1,0
BRDA:903,95,0,0
BRDA:903,95,1,0
BRDA:908,96,0,0
BRDA:908,96,1,0
BRDA:935,97,0,0
BRDA:935,97,1,0
BRDA:943,98,0,0
BRDA:943,98,1,0
BRDA:944,99,0,0
BRDA:944,99,1,0
BRDA:963,100,0,0
BRDA:963,100,1,0
BRDA:973,101,0,0
BRDA:973,101,1,0
BRDA:988,102,0,0
BRDA:988,102,1,0
BRDA:989,103,0,0
BRDA:989,103,1,0
BRDA:998,104,0,0
BRDA:998,104,1,0
BRDA:999,105,0,0
BRDA:999,105,1,0
BRDA:1005,106,0,0
BRDA:1005,106,1,0
BRDA:1024,107,0,0
BRDA:1024,107,1,0
BRDA:1034,108,0,0
BRDA:1034,108,1,0
BRDA:1050,109,0,0
BRDA:1050,109,1,0
BRDA:1051,110,0,0
BRDA:1051,110,1,0
BRDA:1054,111,0,0
BRDA:1054,111,1,0
BRDA:1066,112,0,0
BRDA:1066,112,1,0
BRDA:1067,113,0,0
BRDA:1067,113,1,0
BRDA:1074,114,0,0
BRDA:1074,114,1,0
BRF:230
BRH:0
end_of_record
TN:
SF:controllers/create-health-tips.js
FN:14,(anonymous_0)
FN:81,(anonymous_1)
FN:150,(anonymous_2)
FN:217,(anonymous_3)
FNF:4
FNH:0
FNDA:0,(anonymous_0)
FNDA:0,(anonymous_1)
FNDA:0,(anonymous_2)
FNDA:0,(anonymous_3)
DA:1,1
DA:2,1
DA:3,1
DA:4,1
DA:5,1
DA:6,1
DA:9,1
DA:10,1
DA:11,1
DA:13,1
DA:15,0
DA:16,0
DA:17,0
DA:18,0
DA:19,0
DA:20,0
DA:26,0
DA:28,0
DA:34,0
DA:35,0
DA:37,0
DA:38,0
DA:41,0
DA:42,0
DA:43,0
DA:44,0
DA:45,0
DA:46,0
DA:51,0
DA:52,0
DA:55,0
DA:60,0
DA:61,0
DA:64,0
DA:73,0
DA:74,0
DA:82,0
DA:83,0
DA:84,0
DA:85,0
DA:86,0
DA:87,0
DA:88,0
DA:94,0
DA:96,0
DA:102,0
DA:103,0
DA:105,0
DA:106,0
DA:109,0
DA:110,0
DA:111,0
DA:112,0
DA:114,0
DA:117,0
DA:118,0
DA:119,0
DA:122,0
DA:129,0
DA:130,0
DA:133,0
DA:142,0
DA:143,0
DA:151,0
DA:152,0
DA:153,0
DA:154,0
DA:155,0
DA:156,0
DA:162,0
DA:164,0
DA:170,0
DA:171,0
DA:173,0
DA:174,0
DA:177,0
DA:178,0
DA:179,0
DA:180,0
DA:181,0
DA:185,0
DA:187,0
DA:188,0
DA:191,0
DA:196,0
DA:197,0
DA:200,0
DA:209,0
DA:210,0
DA:218,0
DA:219,0
DA:220,0
DA:221,0
DA:222,0
DA:223,0
DA:229,0
DA:231,0
DA:237,0
DA:238,0
DA:240,0
DA:241,0
DA:244,0
DA:245,0
DA:246,0
DA:247,0
DA:249,0
DA:253,0
DA:255,0
DA:256,0
DA:259,0
DA:264,0
DA:265,0
DA:268,0
DA:277,0
DA:278,0
DA:287,1
LF:116
LH:11
BRDA:17,0,0,0
BRDA:17,0,1,0
BRDA:37,1,0,0
BRDA:37,1,1,0
BRDA:51,2,0,0
BRDA:51,2,1,0
BRDA:52,3,0,0
BRDA:52,3,1,0
BRDA:60,4,0,0
BRDA:60,4,1,0
BRDA:61,5,0,0
BRDA:61,5,1,0
BRDA:67,6,0,0
BRDA:67,6,1,0
BRDA:85,7,0,0
BRDA:85,7,1,0
BRDA:105,8,0,0
BRDA:105,8,1,0
BRDA:118,9,0,0
BRDA:118,9,1,0
BRDA:119,10,0,0
BRDA:119,10,1,0
BRDA:125,11,0,0
BRDA:125,11,1,0
BRDA:129,12,0,0
BRDA:129,12,1,0
BRDA:130,13,0,0
BRDA:130,13,1,0
BRDA:136,14,0,0
BRDA:136,14,1,0
BRDA:153,15,0,0
BRDA:153,15,1,0
BRDA:173,16,0,0
BRDA:173,16,1,0
BRDA:187,17,0,0
BRDA:187,17,1,0
BRDA:188,18,0,0
BRDA:188,18,1,0
BRDA:196,19,0,0
BRDA:196,19,1,0
BRDA:197,20,0,0
BRDA:197,20,1,0
BRDA:203,21,0,0
BRDA:203,21,1,0
BRDA:220,22,0,0
BRDA:220,22,1,0
BRDA:240,23,0,0
BRDA:240,23,1,0
BRDA:255,24,0,0
BRDA:255,24,1,0
BRDA:256,25,0,0
BRDA:256,25,1,0
BRDA:264,26,0,0
BRDA:264,26,1,0
BRDA:265,27,0,0
BRDA:265,27,1,0
BRDA:271,28,0,0
BRDA:271,28,1,0
BRF:58
BRH:0
end_of_record
TN:
SF:controllers/create-know-your-air.js
FN:15,(anonymous_0)
FN:83,(anonymous_1)
FN:151,(anonymous_2)
FN:216,(anonymous_3)
FN:285,(anonymous_4)
FN:354,(anonymous_5)
FN:422,(anonymous_6)
FN:491,(anonymous_7)
FN:561,(anonymous_8)
FN:632,(anonymous_9)
FN:699,(anonymous_10)
FN:766,(anonymous_11)
FN:831,(anonymous_12)
FN:899,(anonymous_13)
FN:968,(anonymous_14)
FN:1037,(anonymous_15)
FN:1106,(anonymous_16)
FN:1175,(anonymous_17)
FN:1235,(anonymous_18)
FN:1306,(anonymous_19)
FN:1374,(anonymous_20)
FN:1442,(anonymous_21)
FN:1507,(anonymous_22)
FN:1576,(anonymous_23)
FN:1645,(anonymous_24)
FN:1713,(anonymous_25)
FN:1782,(anonymous_26)
FN:1852,(anonymous_27)
FN:1923,(anonymous_28)
FN:1990,(anonymous_29)
FN:2057,(anonymous_30)
FN:2122,(anonymous_31)
FN:2191,(anonymous_32)
FN:2258,(anonymous_33)
FN:2325,(anonymous_34)
FN:2390,(anonymous_35)
FN:2458,(anonymous_36)
FN:2527,(anonymous_37)
FN:2597,(anonymous_38)
FN:2666,(anonymous_39)
FNF:40
FNH:0
FNDA:0,(anonymous_0)
FNDA:0,(anonymous_1)
FNDA:0,(anonymous_2)
FNDA:0,(anonymous_3)
FNDA:0,(anonymous_4)
FNDA:0,(anonymous_5)
FNDA:0,(anonymous_6)
FNDA:0,(anonymous_7)
FNDA:0,(anonymous_8)
FNDA:0,(anonymous_9)
FNDA:0,(anonymous_10)
FNDA:0,(anonymous_11)
FNDA:0,(anonymous_12)
FNDA:0,(anonymous_13)
FNDA:0,(anonymous_14)
FNDA:0,(anonymous_15)
FNDA:0,(anonymous_16)
FNDA:0,(anonymous_17)
FNDA:0,(anonymous_18)
FNDA:0,(anonymous_19)
FNDA:0,(anonymous_20)
FNDA:0,(anonymous_21)
FNDA:0,(anonymous_22)
FNDA:0,(anonymous_23)
FNDA:0,(anonymous_24)
FNDA:0,(anonymous_25)
FNDA:0,(anonymous_26)
FNDA:0,(anonymous_27)
FNDA:0,(anonymous_28)
FNDA:0,(anonymous_29)
FNDA:0,(anonymous_30)
FNDA:0,(anonymous_31)
FNDA:0,(anonymous_32)
FNDA:0,(anonymous_33)
FNDA:0,(anonymous_34)
FNDA:0,(anonymous_35)
FNDA:0,(anonymous_36)
FNDA:0,(anonymous_37)
FNDA:0,(anonymous_38)
FNDA:0,(anonymous_39)
DA:1,1
DA:2,1
DA:3,1
DA:4,1
DA:5,1
DA:6,1
DA:9,1
DA:10,1
DA:11,1
DA:13,1
DA:16,0
DA:17,0
DA:18,0
DA:19,0
DA:20,0
DA:21,0
DA:27,0
DA:29,0
DA:35,0
DA:36,0
DA:38,0
DA:39,0
DA:42,0
DA:43,0
DA:44,0
DA:47,0
DA:52,0
DA:53,0
DA:56,0
DA:61,0
DA:62,0
DA:65,0
DA:74,0
DA:75,0
DA:76,0
DA:84,0
DA:85,0
DA:86,0
DA:87,0
DA:88,0
DA:89,0
DA:90,0
DA:96,0
DA:98,0
DA:104,0
DA:105,0
DA:107,0
DA:108,0
DA:111,0
DA:112,0
DA:114,0
DA:117,0
DA:118,0
DA:119,0
DA:122,0
DA:129,0
DA:130,0
DA:133,0
DA:142,0
DA:143,0
DA:144,0
DA:152,0
DA:153,0
DA:154,0
DA:155,0
DA:156,0
DA:157,0
DA:163,0
DA:165,0
DA:171,0
DA:172,0
DA:174,0
DA:175,0
DA:178,0
DA:179,0
DA:180,0
DA:184,0
DA:186,0
DA:187,0
DA:190,0
DA:195,0
DA:196,0
DA:199,0
DA:208,0
DA:209,0
DA:217,0
DA:218,0
DA:219,0
DA:220,0
DA:221,0
DA:222,0
DA:228,0
DA:230,0
DA:236,0
DA:237,0
DA:239,0
DA:240,0
DA:243,0
DA:244,0
DA:246,0
DA:250,0
DA:252,0
DA:253,0
DA:256,0
DA:261,0
DA:262,0
DA:265,0
DA:274,0
DA:275,0
DA:276,0
DA:286,0
DA:287,0
DA:288,0
DA:289,0
DA:290,0
DA:291,0
DA:297,0
DA:299,0
DA:305,0
DA:306,0
DA:308,0
DA:309,0
DA:312,0
DA:313,0
DA:315,0
DA:318,0
DA:323,0
DA:324,0
DA:327,0
DA:332,0
DA:333,0
DA:336,0
DA:345,0
DA:346,0
DA:347,0
DA:355,0
DA:356,0
DA:357,0
DA:358,0
DA:359,0
DA:360,0
DA:366,0
DA:368,0
DA:374,0
DA:375,0
DA:377,0
DA:378,0
DA:381,0
DA:382,0
DA:384,0
DA:387,0
DA:392,0
DA:393,0
DA:396,0
DA:401,0
DA:402,0
DA:405,0
DA:414,0
DA:415,0
DA:423,0
DA:424,0
DA:425,0
DA:426,0
DA:427,0
DA:428,0
DA:434,0
DA:436,0
DA:442,0
DA:443,0
DA:445,0
DA:446,0
DA:449,0
DA:450,0
DA:452,0
DA:455,0
DA:460,0
DA:461,0
DA:464,0
DA:469,0
DA:470,0
DA:473,0
DA:482,0
DA:483,0
DA:484,0
DA:492,0
DA:493,0
DA:494,0
DA:495,0
DA:496,0
DA:497,0
DA:503,0
DA:505,0
DA:511,0
DA:512,0
DA:514,0
DA:515,0
DA:518,0
DA:519,0
DA:521,0
DA:524,0
DA:529,0
DA:530,0
DA:533,0
DA:538,0
DA:539,0
DA:542,0
DA:551,0
DA:552,0
DA:553,0
DA:562,0
DA:563,0
DA:564,0
DA:565,0
DA:566,0
DA:567,0
DA:573,0
DA:575,0
DA:581,0
DA:582,0
DA:584,0
DA:585,0
DA:588,0
DA:589,0
DA:591,0
DA:594,0
DA:599,0
DA:600,0
DA:603,0
DA:608,0
DA:609,0
DA:612,0
DA:621,0
DA:622,0
DA:623,0
DA:633,0
DA:634,0
DA:635,0
DA:636,0
DA:637,0
DA:638,0
DA:644,0
DA:646,0
DA:652,0
DA:653,0
DA:655,0
DA:656,0
DA:659,0
DA:660,0
DA:661,0
DA:664,0
DA:669,0
DA:670,0
DA:673,0
DA:678,0
DA:679,0
DA:682,0
DA:691,0
DA:692,0
DA:700,0
DA:701,0
DA:702,0
DA:703,0
DA:704,0
DA:705,0
DA:706,0
DA:712,0
DA:714,0
DA:720,0
DA:721,0
DA:723,0
DA:724,0
DA:727,0
DA:728,0
DA:730,0
DA:733,0
DA:734,0
DA:735,0
DA:738,0
DA:745,0
DA:746,0
DA:749,0
DA:758,0
DA:759,0
DA:767,0
DA:768,0
DA:769,0
DA:770,0
DA:771,0
DA:772,0
DA:778,0
DA:780,0
DA:786,0
DA:787,0
DA:789,0
DA:790,0
DA:793,0
DA:794,0
DA:795,0
DA:799,0
DA:801,0
DA:802,0
DA:805,0
DA:810,0
DA:811,0
DA:814,0
DA:823,0
DA:824,0
DA:832,0
DA:833,0
DA:834,0
DA:835,0
DA:836,0
DA:837,0
DA:843,0
DA:845,0
DA:851,0
DA:852,0
DA:854,0
DA:855,0
DA:858,0
DA:859,0
DA:861,0
DA:865,0
DA:867,0
DA:868,0
DA:871,0
DA:876,0
DA:877,0
DA:880,0
DA:889,0
DA:890,0
DA:900,0
DA:901,0
DA:902,0
DA:903,0
DA:904,0
DA:905,0
DA:911,0
DA:913,0
DA:919,0
DA:920,0
DA:922,0
DA:923,0
DA:926,0
DA:927,0
DA:929,0
DA:933,0
DA:938,0
DA:939,0
DA:942,0
DA:947,0
DA:948,0
DA:951,0
DA:960,0
DA:961,0
DA:969,0
DA:970,0
DA:971,0
DA:972,0
DA:973,0
DA:974,0
DA:980,0
DA:982,0
DA:988,0
DA:989,0
DA:991,0
DA:992,0
DA:995,0
DA:996,0
DA:998,0
DA:1002,0
DA:1007,0
DA:1008,0
DA:1011,0
DA:1016,0
DA:1017,0
DA:1020,0
DA:1029,0
DA:1030,0
DA:1038,0
DA:1039,0
DA:1040,0
DA:1041,0
DA:1042,0
DA:1043,0
DA:1049,0
DA:1051,0
DA:1057,0
DA:1058,0
DA:1060,0
DA:1061,0
DA:1064,0
DA:1065,0
DA:1067,0
DA:1071,0
DA:1076,0
DA:1077,0
DA:1080,0
DA:1085,0
DA:1086,0
DA:1089,0
DA:1098,0
DA:1099,0
DA:1107,0
DA:1108,0
DA:1109,0
DA:1110,0
DA:1111,0
DA:1112,0
DA:1118,0
DA:1120,0
DA:1126,0
DA:1127,0
DA:1129,0
DA:1130,0
DA:1133,0
DA:1134,0
DA:1136,0
DA:1140,0
DA:1145,0
DA:1146,0
DA:1149,0
DA:1154,0
DA:1155,0
DA:1158,0
DA:1167,0
DA:1168,0
DA:1176,0
DA:1177,0
DA:1178,0
DA:1179,0
DA:1180,0
DA:1181,0
DA:1188,0
DA:1189,0
DA:1190,0
DA:1192,0
DA:1193,0
DA:1195,0
DA:1199,0
DA:1204,0
DA:1205,0
DA:1209,0
DA:1214,0
DA:1215,0
DA:1218,0
DA:1227,0
DA:1228,0
DA:1236,0
DA:1237,0
DA:1238,0
DA:1239,0
DA:1240,0
DA:1241,0
DA:1248,0
DA:1249,0
DA:1250,0
DA:1253,0
DA:1255,0
DA:1257,0
DA:1261,0
DA:1266,0
DA:1267,0
DA:1270,0
DA:1271,0
DA:1277,0
DA:1282,0
DA:1283,0
DA:1287,0
DA:1296,0
DA:1297,0
DA:1307,0
DA:1308,0
DA:1309,0
DA:1310,0
DA:1311,0
DA:1312,0
DA:1318,0
DA:1320,0
DA:1326,0
DA:1327,0
DA:1329,0
DA:1330,0
DA:1333,0
DA:1334,0
DA:1335,0
DA:1338,0
DA:1343,0
DA:1344,0
DA:1347,0
DA:1352,0
DA:1353,0
DA:1356,0
DA:1365,0
DA:1366,0
DA:1367,0
DA:1375,0
DA:1376,0
DA:1377,0
DA:1378,0
DA:1379,0
DA:1380,0
DA:1381,0
DA:1387,0
DA:1389,0
DA:1395,0
DA:1396,0
DA:1398,0
DA:1399,0
DA:1402,0
DA:1403,0
DA:1405,0
DA:1408,0
DA:1409,0
DA:1410,0
DA:1413,0
DA:1420,0
DA:1421,0
DA:1424,0
DA:1433,0
DA:1434,0
DA:1435,0
DA:1443,0
DA:1444,0
DA:1445,0
DA:1446,0
DA:1447,0
DA:1448,0
DA:1454,0
DA:1456,0
DA:1462,0
DA:1463,0
DA:1465,0
DA:1466,0
DA:1469,0
DA:1470,0
DA:1471,0
DA:1475,0
DA:1477,0
DA:1478,0
DA:1481,0
DA:1486,0
DA:1487,0
DA:1490,0
DA:1499,0
DA:1500,0
DA:1508,0
DA:1509,0
DA:1510,0
DA:1511,0
DA:1512,0
DA:1513,0
DA:1519,0
DA:1521,0
DA:1527,0
DA:1528,0
DA:1530,0
DA:1531,0
DA:1534,0
DA:1535,0
DA:1537,0
DA:1541,0
DA:1543,0
DA:1544,0
DA:1547,0
DA:1552,0
DA:1553,0
DA:1556,0
DA:1565,0
DA:1566,0
DA:1567,0
DA:1577,0
DA:1578,0
DA:1579,0
DA:1580,0
DA:1581,0
DA:1582,0
DA:1588,0
DA:1590,0
DA:1596,0
DA:1597,0
DA:1599,0
DA:1600,0
DA:1603,0
DA:1604,0
DA:1606,0
DA:1609,0
DA:1614,0
DA:1615,0
DA:1618,0
DA:1623,0
DA:1624,0
DA:1627,0
DA:1636,0
DA:1637,0
DA:1638,0
DA:1646,0
DA:1647,0
DA:1648,0
DA:1649,0
DA:1650,0
DA:1651,0
DA:1657,0
DA:1659,0
DA:1665,0
DA:1666,0
DA:1668,0
DA:1669,0
DA:1672,0
DA:1673,0
DA:1675,0
DA:1678,0
DA:1683,0
DA:1684,0
DA:1687,0
DA:1692,0
DA:1693,0
DA:1696,0
DA:1705,0
DA:1706,0
DA:1714,0
DA:1715,0
DA:1716,0
DA:1717,0
DA:1718,0
DA:1719,0
DA:1725,0
DA:1727,0
DA:1733,0
DA:1734,0
DA:1736,0
DA:1737,0
DA:1740,0
DA:1741,0
DA:1743,0
DA:1746,0
DA:1751,0
DA:1752,0
DA:1755,0
DA:1760,0
DA:1761,0
DA:1764,0
DA:1773,0
DA:1774,0
DA:1775,0
DA:1783,0
DA:1784,0
DA:1785,0
DA:1786,0
DA:1787,0
DA:1788,0
DA:1794,0
DA:1796,0
DA:1802,0
DA:1803,0
DA:1805,0
DA:1806,0
DA:1809,0
DA:1810,0
DA:1812,0
DA:1815,0
DA:1820,0
DA:1821,0
DA:1824,0
DA:1829,0
DA:1830,0
DA:1833,0
DA:1842,0
DA:1843,0
DA:1844,0
DA:1853,0
DA:1854,0
DA:1855,0
DA:1856,0
DA:1857,0
DA:1858,0
DA:1864,0
DA:1866,0
DA:1872,0
DA:1873,0
DA:1875,0
DA:1876,0
DA:1879,0
DA:1880,0
DA:1882,0
DA:1885,0
DA:1890,0
DA:1891,0
DA:1894,0
DA:1899,0
DA:1900,0
DA:1903,0
DA:1912,0
DA:1913,0
DA:1914,0
DA:1924,0
DA:1925,0
DA:1926,0
DA:1927,0
DA:1928,0
DA:1929,0
DA:1935,0
DA:1937,0
DA:1943,0
DA:1944,0
DA:1946,0
DA:1947,0
DA:1950,0
DA:1951,0
DA:1952,0
DA:1955,0
DA:1960,0
DA:1961,0
DA:1964,0
DA:1969,0
DA:1970,0
DA:1973,0
DA:1982,0
DA:1983,0
DA:1991,0
DA:1992,0
DA:1993,0
DA:1994,0
DA:1995,0
DA:1996,0
DA:1997,0
DA:2003,0
DA:2005,0
DA:2011,0
DA:2012,0
DA:2014,0
DA:2015,0
DA:2018,0
DA:2019,0
DA:2021,0
DA:2024,0
DA:2025,0
DA:2026,0
DA:2029,0
DA:2036,0
DA:2037,0
DA:2040,0
DA:2049,0
DA:2050,0
DA:2058,0
DA:2059,0
DA:2060,0
DA:2061,0
DA:2062,0
DA:2063,0
DA:2069,0
DA:2071,0
DA:2077,0
DA:2078,0
DA:2080,0
DA:2081,0
DA:2084,0
DA:2085,0
DA:2086,0
DA:2090,0
DA:2092,0
DA:2093,0
DA:2096,0
DA:2101,0
DA:2102,0
DA:2105,0
DA:2114,0
DA:2115,0
DA:2123,0
DA:2124,0
DA:2125,0
DA:2126,0
DA:2127,0
DA:2128,0
DA:2134,0
DA:2136,0
DA:2142,0
DA:2143,0
DA:2145,0
DA:2146,0
DA:2149,0
DA:2150,0
DA:2152,0
DA:2156,0
DA:2158,0
DA:2159,0
DA:2162,0
DA:2167,0
DA:2168,0
DA:2171,0
DA:2180,0
DA:2181,0
DA:2192,0
DA:2193,0
DA:2194,0
DA:2195,0
DA:2196,0
DA:2197,0
DA:2203,0
DA:2205,0
DA:2211,0
DA:2212,0
DA:2214,0
DA:2215,0
DA:2218,0
DA:2219,0
DA:2220,0
DA:2223,0
DA:2228,0
DA:2229,0
DA:2232,0
DA:2237,0
DA:2238,0
DA:2241,0
DA:2250,0
DA:2251,0
DA:2259,0
DA:2260,0
DA:2261,0
DA:2262,0
DA:2263,0
DA:2264,0
DA:2265,0
DA:2271,0
DA:2273,0
DA:2279,0
DA:2280,0
DA:2282,0
DA:2283,0
DA:2286,0
DA:2287,0
DA:2289,0
DA:2292,0
DA:2293,0
DA:2294,0
DA:2297,0
DA:2304,0
DA:2305,0
DA:2308,0
DA:2317,0
DA:2318,0
DA:2326,0
DA:2327,0
DA:2328,0
DA:2329,0
DA:2330,0
DA:2331,0
DA:2337,0
DA:2339,0
DA:2345,0
DA:2346,0
DA:2348,0
DA:2349,0
DA:2352,0
DA:2353,0
DA:2354,0
DA:2358,0
DA:2360,0
DA:2361,0
DA:2364,0
DA:2369,0
DA:2370,0
DA:2373,0
DA:2382,0
DA:2383,0
DA:2391,0
DA:2392,0
DA:2393,0
DA:2394,0
DA:2395,0
DA:2396,0
DA:2402,0
DA:2404,0
DA:2410,0
DA:2411,0
DA:2413,0
DA:2414,0
DA:2417,0
DA:2418,0
DA:2420,0
DA:2424,0
DA:2426,0
DA:2427,0
DA:2430,0
DA:2435,0
DA:2436,0
DA:2439,0
DA:2448,0
DA:2449,0
DA:2459,0
DA:2460,0
DA:2461,0
DA:2462,0
DA:2463,0
DA:2464,0
DA:2470,0
DA:2472,0
DA:2478,0
DA:2479,0
DA:2481,0
DA:2482,0
DA:2485,0
DA:2486,0
DA:2488,0
DA:2492,0
DA:2497,0
DA:2498,0
DA:2501,0
DA:2506,0
DA:2507,0
DA:2510,0
DA:2519,0
DA:2520,0
DA:2528,0
DA:2529,0
DA:2530,0
DA:2531,0
DA:2532,0
DA:2533,0
DA:2539,0
DA:2541,0
DA:2547,0
DA:2548,0
DA:2550,0
DA:2551,0
DA:2554,0
DA:2555,0
DA:2557,0
DA:2561,0
DA:2566,0
DA:2567,0
DA:2570,0
DA:2575,0
DA:2576,0
DA:2579,0
DA:2588,0
DA:2589,0
DA:2598,0
DA:2599,0
DA:2600,0
DA:2601,0
DA:2602,0
DA:2603,0
DA:2609,0
DA:2611,0
DA:2617,0
DA:2618,0
DA:2620,0
DA:2621,0
DA:2624,0
DA:2625,0
DA:2627,0
DA:2631,0
DA:2636,0
DA:2637,0
DA:2640,0
DA:2645,0
DA:2646,0
DA:2649,0
DA:2658,0
DA:2659,0
DA:2667,0
DA:2668,0
DA:2669,0
DA:2670,0
DA:2671,0
DA:2672,0
DA:2678,0
DA:2680,0
DA:2686,0
DA:2687,0
DA:2689,0
DA:2690,0
DA:2693,0
DA:2694,0
DA:2696,0
DA:2700,0
DA:2705,0
DA:2706,0
DA:2709,0
DA:2714,0
DA:2715,0
DA:2718,0
DA:2727,0
DA:2728,0
DA:2737,1
LF:986
LH:11
BRDA:18,0,0,0
BRDA:18,0,1,0
BRDA:38,1,0,0
BRDA:38,1,1,0
BRDA:52,2,0,0
BRDA:52,2,1,0
BRDA:53,3,0,0
BRDA:53,3,1,0
BRDA:61,4,0,0
BRDA:61,4,1,0
BRDA:62,5,0,0
BRDA:62,5,1,0
BRDA:68,6,0,0
BRDA:68,6,1,0
BRDA:87,7,0,0
BRDA:87,7,1,0
BRDA:107,8,0,0
BRDA:107,8,1,0
BRDA:118,9,0,0
BRDA:118,9,1,0
BRDA:119,10,0,0
BRDA:119,10,1,0
BRDA:125,11,0,0
BRDA:125,11,1,0
BRDA:129,12,0,0
BRDA:129,12,1,0
BRDA:130,13,0,0
BRDA:130,13,1,0
BRDA:136,14,0,0
BRDA:136,14,1,0
BRDA:154,15,0,0
BRDA:154,15,1,0
BRDA:174,16,0,0
BRDA:174,16,1,0
BRDA:186,17,0,0
BRDA:186,17,1,0
BRDA:187,18,0,0
BRDA:187,18,1,0
BRDA:195,19,0,0
BRDA:195,19,1,0
BRDA:196,20,0,0
BRDA:196,20,1,0
BRDA:202,21,0,0
BRDA:202,21,1,0
BRDA:219,22,0,0
BRDA:219,22,1,0
BRDA:239,23,0,0
BRDA:239,23,1,0
BRDA:252,24,0,0
BRDA:252,24,1,0
BRDA:253,25,0,0
BRDA:253,25,1,0
BRDA:261,26,0,0
BRDA:261,26,1,0
BRDA:262,27,0,0
BRDA:262,27,1,0
BRDA:268,28,0,0
BRDA:268,28,1,0
BRDA:288,29,0,0
BRDA:288,29,1,0
BRDA:308,30,0,0
BRDA:308,30,1,0
BRDA:323,31,0,0
BRDA:323,31,1,0
BRDA:324,32,0,0
BRDA:324,32,1,0
BRDA:332,33,0,0
BRDA:332,33,1,0
BRDA:333,34,0,0
BRDA:333,34,1,0
BRDA:339,35,0,0
BRDA:339,35,1,0
BRDA:357,36,0,0
BRDA:357,36,1,0
BRDA:377,37,0,0
BRDA:377,37,1,0
BRDA:392,38,0,0
BRDA:392,38,1,0
BRDA:393,39,0,0
BRDA:393,39,1,0
BRDA:401,40,0,0
BRDA:401,40,1,0
BRDA:402,41,0,0
BRDA:402,41,1,0
BRDA:408,42,0,0
BRDA:408,42,1,0
BRDA:425,43,0,0
BRDA:425,43,1,0
BRDA:445,44,0,0
BRDA:445,44,1,0
BRDA:460,45,0,0
BRDA:460,45,1,0
BRDA:461,46,0,0
BRDA:461,46,1,0
BRDA:469,47,0,0
BRDA:469,47,1,0
BRDA:470,48,0,0
BRDA:470,48,1,0
BRDA:476,49,0,0
BRDA:476,49,1,0
BRDA:494,50,0,0
BRDA:494,50,1,0
BRDA:514,51,0,0
BRDA:514,51,1,0
BRDA:529,52,0,0
BRDA:529,52,1,0
BRDA:530,53,0,0
BRDA:530,53,1,0
BRDA:538,54,0,0
BRDA:538,54,1,0
BRDA:539,55,0,0
BRDA:539,55,1,0
BRDA:545,56,0,0
BRDA:545,56,1,0
BRDA:564,57,0,0
BRDA:564,57,1,0
BRDA:584,58,0,0
BRDA:584,58,1,0
BRDA:599,59,0,0
BRDA:599,59,1,0
BRDA:600,60,0,0
BRDA:600,60,1,0
BRDA:608,61,0,0
BRDA:608,61,1,0
BRDA:609,62,0,0
BRDA:609,62,1,0
BRDA:615,63,0,0
BRDA:615,63,1,0
BRDA:635,64,0,0
BRDA:635,64,1,0
BRDA:655,65,0,0
BRDA:655,65,1,0
BRDA:669,66,0,0
BRDA:669,66,1,0
BRDA:670,67,0,0
BRDA:670,67,1,0
BRDA:678,68,0,0
BRDA:678,68,1,0
BRDA:679,69,0,0
BRDA:679,69,1,0
BRDA:685,70,0,0
BRDA:685,70,1,0
BRDA:703,71,0,0
BRDA:703,71,1,0
BRDA:723,72,0,0
BRDA:723,72,1,0
BRDA:734,73,0,0
BRDA:734,73,1,0
BRDA:735,74,0,0
BRDA:735,74,1,0
BRDA:741,75,0,0
BRDA:741,75,1,0
BRDA:745,76,0,0
BRDA:745,76,1,0
BRDA:746,77,0,0
BRDA:746,77,1,0
BRDA:752,78,0,0
BRDA:752,78,1,0
BRDA:769,79,0,0
BRDA:769,79,1,0
BRDA:789,80,0,0
BRDA:789,80,1,0
BRDA:801,81,0,0
BRDA:801,81,1,0
BRDA:802,82,0,0
BRDA:802,82,1,0
BRDA:810,83,0,0
BRDA:810,83,1,0
BRDA:811,84,0,0
BRDA:811,84,1,0
BRDA:817,85,0,0
BRDA:817,85,1,0
BRDA:834,86,0,0
BRDA:834,86,1,0
BRDA:854,87,0,0
BRDA:854,87,1,0
BRDA:867,88,0,0
BRDA:867,88,1,0
BRDA:868,89,0,0
BRDA:868,89,1,0
BRDA:876,90,0,0
BRDA:876,90,1,0
BRDA:877,91,0,0
BRDA:877,91,1,0
BRDA:883,92,0,0
BRDA:883,92,1,0
BRDA:902,93,0,0
BRDA:902,93,1,0
BRDA:922,94,0,0
BRDA:922,94,1,0
BRDA:938,95,0,0
BRDA:938,95,1,0
BRDA:939,96,0,0
BRDA:939,96,1,0
BRDA:947,97,0,0
BRDA:947,97,1,0
BRDA:948,98,0,0
BRDA:948,98,1,0
BRDA:954,99,0,0
BRDA:954,99,1,0
BRDA:971,100,0,0
BRDA:971,100,1,0
BRDA:991,101,0,0
BRDA:991,101,1,0
BRDA:1007,102,0,0
BRDA:1007,102,1,0
BRDA:1008,103,0,0
BRDA:1008,103,1,0
BRDA:1016,104,0,0
BRDA:1016,104,1,0
BRDA:1017,105,0,0
BRDA:1017,105,1,0
BRDA:1023,106,0,0
BRDA:1023,106,1,0
BRDA:1040,107,0,0
BRDA:1040,107,1,0
BRDA:1060,108,0,0
BRDA:1060,108,1,0
BRDA:1076,109,0,0
BRDA:1076,109,1,0
BRDA:1077,110,0,0
BRDA:1077,110,1,0
BRDA:1085,111,0,0
BRDA:1085,111,1,0
BRDA:1086,112,0,0
BRDA:1086,112,1,0
BRDA:1092,113,0,0
BRDA:1092,113,1,0
BRDA:1109,114,0,0
BRDA:1109,114,1,0
BRDA:1129,115,0,0
BRDA:1129,115,1,0
BRDA:1145,116,0,0
BRDA:1145,116,1,0
BRDA:1146,117,0,0
BRDA:1146,117,1,0
BRDA:1154,118,0,0
BRDA:1154,118,1,0
BRDA:1155,119,0,0
BRDA:1155,119,1,0
BRDA:1161,120,0,0
BRDA:1161,120,1,0
BRDA:1179,121,0,0
BRDA:1179,121,1,0
BRDA:1189,122,0,0
BRDA:1189,122,1,0
BRDA:1204,123,0,0
BRDA:1204,123,1,0
BRDA:1205,124,0,0
BRDA:1205,124,1,0
BRDA:1214,125,0,0
BRDA:1214,125,1,0
BRDA:1215,126,0,0
BRDA:1215,126,1,0
BRDA:1221,127,0,0
BRDA:1221,127,1,0
BRDA:1239,128,0,0
BRDA:1239,128,1,0
BRDA:1249,129,0,0
BRDA:1249,129,1,0
BRDA:1266,130,0,0
BRDA:1266,130,1,0
BRDA:1267,131,0,0
BRDA:1267,131,1,0
BRDA:1270,132,0,0
BRDA:1270,132,1,0
BRDA:1282,133,0,0
BRDA:1282,133,1,0
BRDA:1283,134,0,0
BRDA:1283,134,1,0
BRDA:1290,135,0,0
BRDA:1290,135,1,0
BRDA:1309,136,0,0
BRDA:1309,136,1,0
BRDA:1329,137,0,0
BRDA:1329,137,1,0
BRDA:1343,138,0,0
BRDA:1343,138,1,0
BRDA:1344,139,0,0
BRDA:1344,139,1,0
BRDA:1352,140,0,0
BRDA:1352,140,1,0
BRDA:1353,141,0,0
BRDA:1353,141,1,0
BRDA:1359,142,0,0
BRDA:1359,142,1,0
BRDA:1378,143,0,0
BRDA:1378,143,1,0
BRDA:1398,144,0,0
BRDA:1398,144,1,0
BRDA:1409,145,0,0
BRDA:1409,145,1,0
BRDA:1410,146,0,0
BRDA:1410,146,1,0
BRDA:1416,147,0,0
BRDA:1416,147,1,0
BRDA:1420,148,0,0
BRDA:1420,148,1,0
BRDA:1421,149,0,0
BRDA:1421,149,1,0
BRDA:1427,150,0,0
BRDA:1427,150,1,0
BRDA:1445,151,0,0
BRDA:1445,151,1,0
BRDA:1465,152,0,0
BRDA:1465,152,1,0
BRDA:1477,153,0,0
BRDA:1477,153,1,0
BRDA:1478,154,0,0
BRDA:1478,154,1,0
BRDA:1486,155,0,0
BRDA:1486,155,1,0
[...]
DA:695,1
DA:699,1
DA:701,1
DA:702,1
DA:709,1
DA:712,1
DA:713,2
DA:716,1
DA:717,2
DA:720,1
DA:721,1
DA:744,1
DA:764,1
DA:768,1
DA:769,1
DA:772,1
DA:774,1
DA:776,0
DA:782,0
DA:786,0
DA:790,0
DA:791,0
DA:794,0
DA:801,1
DA:804,1
DA:805,4
DA:808,1
DA:809,4
DA:812,1
DA:813,1
DA:814,1
DA:816,1
DA:825,1
DA:829,1
DA:837,1
DA:841,1
DA:843,1
DA:846,0
DA:849,0
DA:852,1
DA:853,1
DA:854,1
DA:857,1
DA:859,1
DA:861,1
DA:864,0
DA:865,0
DA:870,1
DA:871,1
DA:872,1
DA:875,1
DA:879,1
DA:881,0
DA:883,0
DA:886,0
DA:889,0
DA:890,0
DA:893,1
DA:894,1
DA:895,1
DA:898,1
DA:903,1
DA:906,0
DA:910,0
DA:912,0
DA:915,0
DA:918,0
DA:919,0
DA:924,1
DA:927,1
DA:928,3
DA:931,1
DA:932,3
DA:935,1
DA:936,1
DA:937,1
DA:939,1
DA:950,1
DA:953,0
DA:957,0
DA:964,0
DA:966,0
DA:976,0
DA:979,1
DA:980,1
DA:981,1
DA:984,1
DA:987,0
DA:991,0
DA:993,0
DA:1000,0
DA:1002,0
DA:1012,0
DA:1015,0
DA:1018,1
DA:1019,1
DA:1020,1
DA:1023,1
DA:1026,0
DA:1029,0
DA:1032,0
DA:1034,0
DA:1041,0
DA:1043,0
DA:1046,0
DA:1051,1
DA:1052,1
DA:1053,1
DA:1054,1
DA:1056,1
DA:1058,1
DA:1060,1
DA:1063,1
DA:1065,1
DA:1067,0
DA:1069,0
DA:1072,0
DA:1077,1
DA:1078,1
DA:1079,1
DA:1080,1
DA:1081,1
DA:1082,1
DA:1084,1
DA:1088,1
DA:1090,1
DA:1105,1
DA:1106,1
DA:1108,1
DA:1121,1
DA:1128,1
DA:1130,0
DA:1131,0
DA:1134,1
DA:1135,1
DA:1136,1
DA:1137,1
DA:1138,1
DA:1140,1
DA:1144,0
DA:1148,0
DA:1154,0
DA:1155,0
DA:1157,0
DA:1164,0
DA:1171,0
DA:1173,0
DA:1174,0
DA:1179,1
DA:1180,1
DA:1181,1
DA:1182,1
DA:1183,1
DA:1184,1
DA:1186,1
DA:1193,1
DA:1197,1
DA:1199,1
DA:1205,1
DA:1212,1
DA:1214,1
DA:1217,1
DA:1218,1
DA:1219,1
DA:1220,1
DA:1221,1
DA:1223,1
DA:1227,1
DA:1231,1
DA:1239,1
DA:1246,1
DA:1248,1
LF:484
LH:312
BRF:0
BRH:0
end_of_record
TN:
SF:utils/test/ut_date.js
FN:7,(anonymous_0)
FN:8,(anonymous_1)
FN:9,(anonymous_2)
FN:18,(anonymous_3)
FN:30,(anonymous_4)
FN:31,(anonymous_5)
FN:40,(anonymous_6)
FN:52,(anonymous_7)
FN:53,(anonymous_8)
FN:63,(anonymous_9)
FN:73,(anonymous_10)
FN:86,(anonymous_11)
FN:87,(anonymous_12)
FN:95,(anonymous_13)
FN:103,(anonymous_14)
FN:115,(anonymous_15)
FN:116,(anonymous_16)
FN:124,(anonymous_17)
FN:136,(anonymous_18)
FN:137,(anonymous_19)
FN:146,(anonymous_20)
FN:159,(anonymous_21)
FN:160,(anonymous_22)
FN:175,(anonymous_23)
FN:187,(anonymous_24)
FN:188,(anonymous_25)
FN:200,(anonymous_26)
FN:212,(anonymous_27)
FN:213,(anonymous_28)
FN:226,(anonymous_29)
FN:238,(anonymous_30)
FN:239,(anonymous_31)
FN:252,(anonymous_32)
FN:264,(anonymous_33)
FN:265,(anonymous_34)
FN:274,(anonymous_35)
FN:283,(anonymous_36)
FN:292,(anonymous_37)
FN:293,(anonymous_38)
FN:301,(anonymous_39)
FN:309,(anonymous_40)
FNF:41
FNH:41
FNDA:1,(anonymous_0)
FNDA:1,(anonymous_1)
FNDA:1,(anonymous_2)
FNDA:1,(anonymous_3)
FNDA:1,(anonymous_4)
FNDA:1,(anonymous_5)
FNDA:1,(anonymous_6)
FNDA:1,(anonymous_7)
FNDA:1,(anonymous_8)
FNDA:1,(anonymous_9)
FNDA:1,(anonymous_10)
FNDA:1,(anonymous_11)
FNDA:1,(anonymous_12)
FNDA:1,(anonymous_13)
FNDA:1,(anonymous_14)
FNDA:1,(anonymous_15)
FNDA:1,(anonymous_16)
FNDA:1,(anonymous_17)
FNDA:1,(anonymous_18)
FNDA:1,(anonymous_19)
FNDA:1,(anonymous_20)
FNDA:1,(anonymous_21)
FNDA:1,(anonymous_22)
FNDA:1,(anonymous_23)
FNDA:1,(anonymous_24)
FNDA:1,(anonymous_25)
FNDA:1,(anonymous_26)
FNDA:1,(anonymous_27)
FNDA:1,(anonymous_28)
FNDA:1,(anonymous_29)
FNDA:1,(anonymous_30)
FNDA:1,(anonymous_31)
FNDA:1,(anonymous_32)
FNDA:1,(anonymous_33)
FNDA:1,(anonymous_34)
FNDA:1,(anonymous_35)
FNDA:1,(anonymous_36)
FNDA:1,(anonymous_37)
FNDA:1,(anonymous_38)
FNDA:1,(anonymous_39)
FNDA:1,(anonymous_40)
DA:1,1
DA:2,1
DA:3,1
DA:4,1
DA:5,1
DA:7,1
DA:8,1
DA:9,1
DA:10,1
DA:11,1
DA:13,1
DA:15,1
DA:18,1
DA:19,1
DA:20,1
DA:22,1
DA:24,1
DA:25,0
DA:27,0
DA:30,1
DA:31,1
DA:32,1
DA:33,1
DA:35,1
DA:37,1
DA:40,1
DA:41,1
DA:42,1
DA:44,1
DA:46,1
DA:47,0
DA:49,0
DA:52,1
DA:53,1
DA:54,1
DA:55,1
DA:56,1
DA:58,1
DA:60,1
DA:63,1
DA:64,1
DA:65,1
DA:66,1
DA:68,1
DA:70,1
DA:73,1
DA:74,1
DA:75,1
DA:76,1
DA:78,1
DA:80,1
DA:81,0
DA:83,0
DA:86,1
DA:87,1
DA:88,1
DA:90,1
DA:92,1
DA:95,1
DA:96,1
DA:98,1
DA:100,1
DA:103,1
DA:104,1
DA:105,1
DA:107,1
DA:109,1
DA:110,1
DA:112,0
DA:115,1
DA:116,1
DA:117,1
DA:119,1
DA:121,1
DA:124,1
DA:125,1
DA:126,1
DA:128,1
DA:130,0
DA:131,0
DA:133,0
DA:136,1
DA:137,1
DA:138,1
DA:139,1
DA:141,1
DA:143,0
DA:146,1
DA:147,1
DA:148,1
DA:149,1
DA:151,1
DA:153,0
DA:154,0
DA:156,0
DA:159,1
DA:160,1
DA:161,1
DA:163,1
DA:165,1
DA:166,1
DA:172,1
DA:175,1
DA:176,1
DA:177,1
DA:179,1
DA:181,1
DA:182,0
DA:184,0
DA:187,1
DA:188,1
DA:189,1
DA:191,1
DA:193,1
DA:194,1
DA:195,1
DA:197,1
DA:200,1
DA:201,1
DA:202,1
DA:204,1
DA:206,1
DA:207,0
DA:209,0
DA:212,1
DA:213,1
DA:214,1
DA:216,1
DA:218,1
DA:219,1
DA:223,1
DA:226,1
DA:227,1
DA:228,1
DA:230,1
DA:232,1
DA:233,0
DA:235,0
DA:238,1
DA:239,1
DA:240,1
DA:242,1
DA:244,1
DA:245,1
DA:249,1
DA:252,1
DA:253,1
DA:254,1
DA:256,1
DA:258,1
DA:259,0
DA:261,0
DA:264,1
DA:265,1
DA:266,1
DA:267,1
DA:269,1
DA:271,1
DA:274,1
DA:275,1
DA:276,1
DA:278,1
DA:280,1
DA:283,1
DA:284,1
DA:285,1
DA:287,1
DA:289,1
DA:292,1
DA:293,1
DA:294,1
DA:295,1
DA:296,1
DA:298,1
DA:301,1
DA:302,1
DA:303,1
DA:304,1
DA:306,1
DA:309,1
DA:310,1
DA:311,1
DA:312,1
DA:314,1
LF:184
LH:162
BRF:0
BRH:0
end_of_record
TN:
SF:utils/test/ut_distance.js
FN:6,(anonymous_0)
FN:7,(anonymous_1)
FN:8,(anonymous_2)
FN:48,(anonymous_3)
FN:88,(anonymous_4)
FN:89,(anonymous_5)
FN:103,(anonymous_6)
FN:115,(anonymous_7)
FN:130,(anonymous_8)
FN:155,(anonymous_9)
FN:181,(anonymous_10)
FN:182,(anonymous_11)
FN:209,(anonymous_12)
FN:210,(anonymous_13)
FN:237,(anonymous_14)
FN:238,(anonymous_15)
FN:254,(anonymous_16)
FN:255,(anonymous_17)
FN:271,(anonymous_18)
FN:272,(anonymous_19)
FN:285,(anonymous_20)
FN:302,(anonymous_21)
FN:307,(anonymous_22)
FN:312,(anonymous_23)
FN:318,(anonymous_24)
FN:323,(anonymous_25)
FN:329,(anonymous_26)
FN:336,(anonymous_27)
FN:337,(anonymous_28)
FNF:29
FNH:29
FNDA:1,(anonymous_0)
FNDA:1,(anonymous_1)
FNDA:1,(anonymous_2)
FNDA:1,(anonymous_3)
FNDA:1,(anonymous_4)
FNDA:1,(anonymous_5)
FNDA:1,(anonymous_6)
FNDA:1,(anonymous_7)
FNDA:1,(anonymous_8)
FNDA:1,(anonymous_9)
FNDA:1,(anonymous_10)
FNDA:1,(anonymous_11)
FNDA:1,(anonymous_12)
FNDA:1,(anonymous_13)
FNDA:1,(anonymous_14)
FNDA:1,(anonymous_15)
FNDA:1,(anonymous_16)
FNDA:1,(anonymous_17)
FNDA:1,(anonymous_18)
FNDA:1,(anonymous_19)
FNDA:1,(anonymous_20)
FNDA:1,(anonymous_21)
FNDA:1,(anonymous_22)
FNDA:1,(anonymous_23)
FNDA:1,(anonymous_24)
FNDA:1,(anonymous_25)
FNDA:1,(anonymous_26)
FNDA:1,(anonymous_27)
FNDA:1,(anonymous_28)
DA:1,1
DA:2,1
DA:3,1
DA:4,1
DA:6,1
DA:7,1
DA:8,1
DA:9,1
DA:31,1
DA:32,1
DA:33,1
DA:35,1
DA:43,1
DA:44,0
DA:45,0
DA:48,1
DA:49,1
DA:71,1
DA:72,1
DA:73,1
DA:75,1
DA:83,1
DA:88,1
DA:89,1
DA:90,1
DA:91,1
DA:92,1
DA:93,1
DA:96,1
DA:100,1
DA:103,1
DA:104,1
DA:105,1
DA:108,1
DA:110,1
DA:115,1
DA:116,1
DA:130,1
DA:131,1
DA:132,1
DA:133,1
DA:136,1
DA:137,1
DA:140,1
DA:148,1
DA:149,0
DA:152,0
DA:155,1
DA:156,1
DA:157,1
DA:158,1
DA:161,1
DA:162,0
DA:165,0
DA:173,0
DA:176,0
DA:181,1
DA:182,1
DA:184,1
DA:185,1
DA:188,1
DA:189,1
DA:193,1
DA:196,1
DA:204,1
DA:209,1
DA:210,1
DA:212,1
DA:213,1
DA:216,1
DA:217,1
DA:221,1
DA:224,1
DA:232,1
DA:237,1
DA:238,1
DA:240,1
DA:243,1
DA:246,1
DA:249,1
DA:254,1
DA:255,1
DA:257,1
DA:260,1
DA:263,1
DA:266,1
DA:271,1
DA:272,1
DA:273,1
DA:274,1
DA:277,1
DA:280,1
DA:285,1
DA:286,1
DA:287,1
DA:288,1
DA:291,1
DA:294,1
DA:299,0
DA:302,1
DA:303,1
DA:304,1
DA:307,1
DA:312,1
DA:313,1
DA:314,1
DA:315,1
DA:318,1
DA:319,1
DA:323,1
DA:324,1
DA:325,1
DA:326,1
DA:329,1
DA:330,1
DA:336,1
DA:337,1
DA:338,1
DA:339,1
DA:340,1
DA:343,1
DA:344,1
DA:347,1
DA:354,1
DA:357,1
DA:367,1
DA:373,1
DA:381,1
DA:384,1
DA:385,1
LF:130
LH:121
BRF:0
BRH:0
end_of_record
TN:
SF:utils/test/ut_errors.js
FN:6,(anonymous_0)
FN:7,(anonymous_1)
FN:8,(anonymous_2)
FN:23,(anonymous_3)
FN:24,(anonymous_4)
FN:26,(anonymous_5)
FN:27,(anonymous_6)
FN:42,(anonymous_7)
FN:43,(anonymous_8)
FN:45,(anonymous_9)
FN:46,(anonymous_10)
FN:67,(anonymous_11)
FN:68,(anonymous_12)
FN:70,(anonymous_13)
FN:71,(anonymous_14)
FN:103,(anonymous_15)
FN:105,(anonymous_16)
FN:106,(anonymous_17)
FN:125,(anonymous_18)
FN:127,(anonymous_19)
FN:128,(anonymous_20)
FN:145,(anonymous_21)
FN:146,(anonymous_22)
FN:148,(anonymous_23)
FN:149,(anonymous_24)
FN:164,(anonymous_25)
FN:165,(anonymous_26)
FN:167,(anonymous_27)
FN:168,(anonymous_28)
FN:184,(anonymous_29)
FN:185,(anonymous_30)
FN:187,(anonymous_31)
FN:188,(anonymous_32)
FN:204,(anonymous_33)
FN:205,(anonymous_34)
FN:209,(anonymous_35)
FN:210,(anonymous_36)
FN:226,(anonymous_37)
FN:227,(anonymous_38)
FN:229,(anonymous_39)
FN:230,(anonymous_40)
FN:245,(anonymous_41)
FN:246,(anonymous_42)
FN:248,(anonymous_43)
FN:249,(anonymous_44)
FNF:45
FNH:39
FNDA:1,(anonymous_0)
FNDA:1,(anonymous_1)
FNDA:1,(anonymous_2)
FNDA:1,(anonymous_3)
FNDA:1,(anonymous_4)
FNDA:0,(anonymous_5)
FNDA:0,(anonymous_6)
FNDA:1,(anonymous_7)
FNDA:1,(anonymous_8)
FNDA:0,(anonymous_9)
FNDA:0,(anonymous_10)
FNDA:1,(anonymous_11)
FNDA:1,(anonymous_12)
FNDA:1,(anonymous_13)
FNDA:1,(anonymous_14)
FNDA:1,(anonymous_15)
FNDA:1,(anonymous_16)
FNDA:1,(anonymous_17)
FNDA:1,(anonymous_18)
FNDA:1,(anonymous_19)
FNDA:1,(anonymous_20)
FNDA:1,(anonymous_21)
FNDA:1,(anonymous_22)
FNDA:1,(anonymous_23)
FNDA:1,(anonymous_24)
FNDA:1,(anonymous_25)
FNDA:1,(anonymous_26)
FNDA:1,(anonymous_27)
FNDA:1,(anonymous_28)
FNDA:1,(anonymous_29)
FNDA:1,(anonymous_30)
FNDA:1,(anonymous_31)
FNDA:1,(anonymous_32)
FNDA:1,(anonymous_33)
FNDA:1,(anonymous_34)
FNDA:1,(anonymous_35)
FNDA:1,(anonymous_36)
FNDA:1,(anonymous_37)
FNDA:1,(anonymous_38)
FNDA:1,(anonymous_39)
FNDA:1,(anonymous_40)
FNDA:1,(anonymous_41)
FNDA:1,(anonymous_42)
FNDA:0,(anonymous_43)
FNDA:0,(anonymous_44)
DA:1,1
DA:2,1
DA:3,1
DA:4,1
DA:6,1
DA:7,1
DA:8,1
DA:9,1
DA:14,1
DA:16,1
DA:23,1
DA:24,1
DA:25,1
DA:26,0
DA:27,0
DA:30,1
DA:31,1
DA:33,1
DA:35,1
DA:42,1
DA:43,1
DA:44,1
DA:45,0
DA:46,0
DA:49,1
DA:50,1
DA:55,1
DA:57,1
DA:67,1
DA:68,1
DA:69,1
DA:70,1
DA:71,1
DA:74,1
DA:86,1
DA:88,1
DA:103,1
DA:104,1
DA:105,1
DA:106,1
DA:109,1
DA:113,1
DA:115,1
DA:125,1
DA:126,1
DA:127,1
DA:128,1
DA:131,1
DA:133,1
DA:135,1
DA:145,1
DA:146,1
DA:147,1
DA:148,1
DA:149,1
DA:153,1
DA:155,1
DA:164,1
DA:165,1
DA:166,1
DA:167,1
DA:168,1
DA:172,1
DA:174,1
DA:184,1
DA:185,1
DA:186,1
DA:187,1
DA:188,1
DA:192,1
DA:194,1
DA:204,1
DA:205,1
DA:206,1
DA:207,1
DA:208,1
DA:209,1
DA:210,1
DA:214,1
DA:216,1
DA:226,1
DA:227,1
DA:228,1
DA:229,1
DA:230,1
DA:234,1
DA:236,1
DA:245,1
DA:246,1
DA:247,1
DA:248,0
DA:249,0
DA:253,1
DA:254,1
DA:259,1
DA:261,0
LF:96
LH:89
BRF:0
BRH:0
end_of_record
TN:
SF:utils/test/ut_generate-filter.js
FN:6,(anonymous_0)
FN:7,(anonymous_1)
FN:8,(anonymous_2)
FN:30,(anonymous_3)
FN:49,(anonymous_4)
FN:50,(anonymous_5)
FN:63,(anonymous_6)
FN:75,(anonymous_7)
FN:76,(anonymous_8)
FN:130,(anonymous_9)
FN:146,(anonymous_10)
FN:147,(anonymous_11)
FN:192,(anonymous_12)
FN:204,(anonymous_13)
FN:205,(anonymous_14)
FN:237,(anonymous_15)
FN:253,(anonymous_16)
FN:269,(anonymous_17)
FN:281,(anonymous_18)
FN:282,(anonymous_19)
FN:309,(anonymous_20)
FN:328,(anonymous_21)
FN:345,(anonymous_22)
FN:362,(anonymous_23)
FN:379,(anonymous_24)
FN:392,(anonymous_25)
FN:393,(anonymous_26)
FN:420,(anonymous_27)
FN:439,(anonymous_28)
FN:456,(anonymous_29)
FN:473,(anonymous_30)
FN:490,(anonymous_31)
FN:503,(anonymous_32)
FN:504,(anonymous_33)
FN:529,(anonymous_34)
FN:548,(anonymous_35)
FN:565,(anonymous_36)
FN:582,(anonymous_37)
FN:595,(anonymous_38)
FN:596,(anonymous_39)
FN:621,(anonymous_40)
FN:640,(anonymous_41)
FN:657,(anonymous_42)
FN:674,(anonymous_43)
FN:687,(anonymous_44)
FN:688,(anonymous_45)
FN:712,(anonymous_46)
FN:728,(anonymous_47)
FN:744,(anonymous_48)
FN:760,(anonymous_49)
FN:776,(anonymous_50)
FN:792,(anonymous_51)
FN:804,(anonymous_52)
FN:805,(anonymous_53)
FN:837,(anonymous_54)
FN:853,(anonymous_55)
FN:869,(anonymous_56)
FN:885,(anonymous_57)
FN:901,(anonymous_58)
FN:917,(anonymous_59)
FN:933,(anonymous_60)
FN:949,(anonymous_61)
FN:965,(anonymous_62)
FN:981,(anonymous_63)
FN:993,(anonymous_64)
FN:994,(anonymous_65)
FN:1024,(anonymous_66)
FN:1040,(anonymous_67)
FN:1056,(anonymous_68)
FN:1072,(anonymous_69)
FN:1088,(anonymous_70)
FN:1104,(anonymous_71)
FN:1120,(anonymous_72)
FN:1136,(anonymous_73)
FN:1152,(anonymous_74)
FN:1164,(anonymous_75)
FN:1165,(anonymous_76)
FN:1187,(anonymous_77)
FN:1203,(anonymous_78)
FN:1222,(anonymous_79)
FN:1241,(anonymous_80)
FN:1253,(anonymous_81)
FN:1254,(anonymous_82)
FN:1273,(anonymous_83)
FN:1290,(anonymous_84)
FN:1307,(anonymous_85)
FN:1320,(anonymous_86)
FN:1321,(anonymous_87)
FN:1342,(anonymous_88)
FN:1359,(anonymous_89)
FN:1376,(anonymous_90)
FN:1393,(anonymous_91)
FN:1406,(anonymous_92)
FN:1407,(anonymous_93)
FN:1430,(anonymous_94)
FN:1447,(anonymous_95)
FN:1464,(anonymous_96)
FN:1483,(anonymous_97)
FNF:98
FNH:98
FNDA:1,(anonymous_0)
FNDA:1,(anonymous_1)
FNDA:1,(anonymous_2)
FNDA:1,(anonymous_3)
FNDA:1,(anonymous_4)
FNDA:1,(anonymous_5)
FNDA:1,(anonymous_6)
FNDA:1,(anonymous_7)
FNDA:1,(anonymous_8)
FNDA:1,(anonymous_9)
FNDA:1,(anonymous_10)
FNDA:1,(anonymous_11)
FNDA:1,(anonymous_12)
FNDA:1,(anonymous_13)
FNDA:1,(anonymous_14)
FNDA:1,(anonymous_15)
FNDA:1,(anonymous_16)
FNDA:1,(anonymous_17)
FNDA:1,(anonymous_18)
FNDA:1,(anonymous_19)
FNDA:1,(anonymous_20)
FNDA:1,(anonymous_21)
FNDA:1,(anonymous_22)
FNDA:1,(anonymous_23)
FNDA:1,(anonymous_24)
FNDA:1,(anonymous_25)
FNDA:1,(anonymous_26)
FNDA:1,(anonymous_27)
FNDA:1,(anonymous_28)
FNDA:1,(anonymous_29)
FNDA:1,(anonymous_30)
FNDA:1,(anonymous_31)
FNDA:1,(anonymous_32)
FNDA:1,(anonymous_33)
FNDA:1,(anonymous_34)
FNDA:1,(anonymous_35)
FNDA:1,(anonymous_36)
FNDA:1,(anonymous_37)
FNDA:1,(anonymous_38)
FNDA:1,(anonymous_39)
FNDA:1,(anonymous_40)
FNDA:1,(anonymous_41)
FNDA:1,(anonymous_42)
FNDA:1,(anonymous_43)
FNDA:1,(anonymous_44)
FNDA:1,(anonymous_45)
FNDA:1,(anonymous_46)
FNDA:1,(anonymous_47)
FNDA:1,(anonymous_48)
FNDA:1,(anonymous_49)
FNDA:1,(anonymous_50)
FNDA:1,(anonymous_51)
FNDA:1,(anonymous_52)
FNDA:1,(anonymous_53)
FNDA:1,(anonymous_54)
FNDA:1,(anonymous_55)
FNDA:1,(anonymous_56)
FNDA:1,(anonymous_57)
FNDA:1,(anonymous_58)
FNDA:1,(anonymous_59)
FNDA:1,(anonymous_60)
FNDA:1,(anonymous_61)
FNDA:1,(anonymous_62)
FNDA:1,(anonymous_63)
FNDA:1,(anonymous_64)
FNDA:1,(anonymous_65)
FNDA:1,(anonymous_66)
FNDA:1,(anonymous_67)
FNDA:1,(anonymous_68)
FNDA:1,(anonymous_69)
FNDA:1,(anonymous_70)
FNDA:1,(anonymous_71)
FNDA:1,(anonymous_72)
FNDA:1,(anonymous_73)
FNDA:1,(anonymous_74)
FNDA:1,(anonymous_75)
FNDA:1,(anonymous_76)
FNDA:1,(anonymous_77)
FNDA:1,(anonymous_78)
FNDA:1,(anonymous_79)
FNDA:1,(anonymous_80)
FNDA:1,(anonymous_81)
FNDA:1,(anonymous_82)
FNDA:1,(anonymous_83)
FNDA:1,(anonymous_84)
FNDA:1,(anonymous_85)
FNDA:1,(anonymous_86)
FNDA:1,(anonymous_87)
FNDA:1,(anonymous_88)
FNDA:1,(anonymous_89)
FNDA:1,(anonymous_90)
FNDA:1,(anonymous_91)
FNDA:1,(anonymous_92)
FNDA:1,(anonymous_93)
FNDA:1,(anonymous_94)
FNDA:1,(anonymous_95)
FNDA:1,(anonymous_96)
FNDA:1,(anonymous_97)
DA:1,1
DA:2,1
DA:3,1
DA:4,1
DA:6,1
DA:7,1
DA:8,1
DA:9,1
DA:21,1
DA:24,1
DA:25,1
DA:26,1
DA:30,1
DA:31,1
DA:37,1
DA:40,1
DA:41,1
DA:42,0
DA:43,0
DA:49,1
DA:50,1
DA:51,1
DA:52,1
DA:57,1
DA:63,1
DA:64,1
DA:65,1
DA:70,1
DA:75,1
DA:76,1
DA:77,1
DA:101,1
DA:121,1
DA:123,1
DA:130,1
DA:131,1
DA:135,1
DA:137,1
DA:146,1
DA:147,1
DA:148,1
DA:168,1
DA:187,1
DA:189,1
DA:192,1
DA:193,1
DA:197,1
DA:199,1
DA:204,1
DA:205,1
DA:206,1
DA:220,1
DA:232,1
DA:234,1
DA:237,1
DA:238,1
DA:244,1
DA:248,1
DA:250,1
DA:253,1
DA:254,1
DA:260,1
DA:264,1
DA:266,1
DA:269,1
DA:270,1
DA:274,1
DA:276,1
DA:281,1
DA:282,1
DA:283,1
DA:295,1
DA:304,1
DA:306,1
DA:309,1
DA:310,1
DA:317,1
DA:323,1
DA:325,1
DA:328,1
DA:329,1
DA:336,1
DA:340,1
DA:342,1
DA:345,1
DA:346,1
DA:353,1
DA:357,1
DA:359,1
DA:362,1
DA:363,1
DA:370,1
DA:374,1
DA:376,1
DA:379,1
DA:380,1
DA:385,1
DA:387,1
DA:392,1
DA:393,1
DA:394,1
DA:406,1
DA:415,1
DA:417,1
DA:420,1
DA:421,1
DA:428,1
DA:434,1
DA:436,1
DA:439,1
DA:440,1
DA:447,1
DA:451,1
DA:453,1
DA:456,1
DA:457,1
DA:464,1
DA:468,1
DA:470,1
DA:473,1
DA:474,1
DA:481,1
DA:485,1
DA:487,1
DA:490,1
DA:491,1
DA:496,1
DA:498,1
DA:503,1
DA:504,1
DA:505,1
DA:516,1
DA:524,1
DA:526,1
DA:529,1
DA:530,1
DA:537,1
DA:543,1
DA:545,1
DA:548,1
DA:549,1
DA:556,1
DA:560,1
DA:562,1
DA:565,1
DA:566,1
DA:573,1
DA:577,1
DA:579,1
DA:582,1
DA:583,1
DA:588,1
DA:590,1
DA:595,1
DA:596,1
DA:597,1
DA:608,1
DA:616,1
DA:618,1
DA:621,1
DA:622,1
DA:629,1
DA:635,1
DA:637,1
DA:640,1
DA:641,1
DA:648,1
DA:652,1
DA:654,1
DA:657,1
DA:658,1
DA:665,1
DA:669,1
DA:671,1
DA:674,1
DA:675,1
DA:680,1
DA:682,1
DA:687,1
DA:688,1
DA:689,1
DA:699,1
DA:707,1
DA:709,1
DA:712,1
DA:713,1
DA:719,1
DA:723,1
DA:725,1
DA:728,1
DA:729,1
DA:735,1
DA:739,1
DA:741,1
DA:744,1
DA:745,1
DA:751,1
DA:755,1
DA:757,1
DA:760,1
DA:761,1
DA:767,1
DA:771,1
DA:773,1
DA:776,1
DA:777,1
DA:783,1
DA:787,1
DA:789,1
DA:792,1
DA:793,1
DA:797,1
DA:799,1
DA:804,1
DA:805,1
DA:806,1
DA:820,1
DA:832,1
DA:834,1
DA:837,1
DA:838,1
DA:844,1
DA:848,1
DA:850,1
DA:853,1
DA:854,1
DA:860,1
DA:864,1
DA:866,1
DA:869,1
DA:870,1
DA:876,1
DA:880,1
DA:882,1
DA:885,1
DA:886,1
DA:892,1
DA:896,1
DA:898,1
DA:901,1
DA:902,1
DA:908,1
DA:912,1
DA:914,1
DA:917,1
DA:918,1
DA:924,1
DA:928,1
DA:930,1
DA:933,1
DA:934,1
DA:940,1
DA:944,1
DA:946,1
DA:949,1
DA:950,1
DA:956,1
DA:960,1
DA:962,1
DA:965,1
DA:966,1
DA:972,1
DA:976,1
DA:978,1
DA:981,1
DA:982,1
DA:986,1
DA:988,1
DA:993,1
DA:994,1
DA:995,1
DA:1008,1
DA:1019,1
DA:1021,1
DA:1024,1
DA:1025,1
DA:1031,1
DA:1035,1
DA:1037,1
DA:1040,1
DA:1041,1
DA:1047,1
DA:1051,1
DA:1053,1
DA:1056,1
DA:1057,1
DA:1063,1
DA:1067,1
DA:1069,1
DA:1072,1
DA:1073,1
DA:1079,1
DA:1083,1
DA:1085,1
DA:1088,1
DA:1089,1
DA:1095,1
DA:1099,1
DA:1101,1
DA:1104,1
DA:1105,1
DA:1111,1
DA:1115,1
DA:1117,1
DA:1120,1
DA:1121,1
DA:1127,1
DA:1131,1
DA:1133,1
DA:1136,1
DA:1137,1
DA:1143,1
DA:1147,1
DA:1149,1
DA:1152,1
DA:1153,1
DA:1157,1
DA:1159,1
DA:1164,1
DA:1165,1
DA:1166,1
DA:1174,1
DA:1182,1
DA:1184,1
DA:1187,1
DA:1188,1
DA:1194,1
DA:1198,1
DA:1200,1
DA:1203,1
DA:1204,1
DA:1210,1
DA:1217,1
DA:1219,1
DA:1222,1
DA:1223,1
DA:1229,1
DA:1236,1
DA:1238,1
DA:1241,1
DA:1242,1
DA:1246,1
DA:1248,1
DA:1253,1
DA:1254,1
DA:1255,1
DA:1264,1
DA:1268,1
DA:1270,1
DA:1273,1
DA:1274,1
DA:1281,1
DA:1285,1
DA:1287,1
DA:1290,1
DA:1291,1
DA:1298,1
DA:1302,1
DA:1304,1
DA:1307,1
DA:1308,1
DA:1313,1
DA:1315,1
DA:1320,1
DA:1321,1
DA:1322,1
DA:1332,1
DA:1337,1
DA:1339,1
DA:1342,1
DA:1343,1
DA:1350,1
DA:1354,1
DA:1356,1
DA:1359,1
DA:1360,1
DA:1367,1
DA:1371,1
DA:1373,1
DA:1376,1
DA:1377,1
DA:1384,1
DA:1388,1
DA:1390,1
DA:1393,1
DA:1394,1
DA:1399,1
DA:1401,1
DA:1406,1
DA:1407,1
DA:1408,1
DA:1419,1
DA:1425,1
DA:1427,1
DA:1430,1
DA:1431,1
DA:1438,1
DA:1442,1
DA:1444,1
DA:1447,1
DA:1448,1
DA:1455,1
DA:1459,1
DA:1461,1
DA:1464,1
DA:1465,1
DA:1473,1
DA:1478,1
DA:1480,1
DA:1483,1
DA:1484,1
DA:1489,1
DA:1491,1
LF:413
LH:411
BRF:0
BRH:0
end_of_record
TN:
SF:utils/test/ut_log.js
FN:7,(anonymous_0)
FN:8,(anonymous_1)
FN:9,(anonymous_2)
FN:20,(anonymous_3)
FN:35,(anonymous_4)
FN:36,(anonymous_5)
FN:52,(anonymous_6)
FN:68,(anonymous_7)
FN:69,(anonymous_8)
FN:81,(anonymous_9)
FN:97,(anonymous_10)
FN:98,(anonymous_11)
FN:115,(anonymous_12)
FNF:13
FNH:13
FNDA:1,(anonymous_0)
FNDA:1,(anonymous_1)
FNDA:1,(anonymous_2)
FNDA:1,(anonymous_3)
FNDA:1,(anonymous_4)
FNDA:1,(anonymous_5)
FNDA:1,(anonymous_6)
FNDA:1,(anonymous_7)
FNDA:1,(anonymous_8)
FNDA:1,(anonymous_9)
FNDA:1,(anonymous_10)
FNDA:1,(anonymous_11)
FNDA:1,(anonymous_12)
DA:1,1
DA:2,1
DA:3,1
DA:4,1
DA:5,1
DA:7,1
DA:8,1
DA:9,1
DA:10,1
DA:11,1
DA:12,1
DA:14,1
DA:15,1
DA:17,0
DA:20,1
DA:21,1
DA:22,0
DA:23,0
DA:25,0
DA:26,0
DA:28,0
DA:29,0
DA:31,0
DA:32,0
DA:35,1
DA:36,1
DA:37,1
DA:38,0
DA:39,0
DA:40,0
DA:42,0
DA:43,0
DA:49,0
DA:52,1
DA:53,1
DA:54,0
DA:55,0
DA:57,0
DA:58,0
DA:59,0
DA:61,0
DA:62,0
DA:64,0
DA:65,0
DA:68,1
DA:69,1
DA:70,1
DA:71,1
DA:72,1
DA:73,1
DA:75,1
DA:76,1
DA:78,0
DA:81,1
DA:82,1
DA:83,0
DA:84,0
DA:86,0
DA:87,0
DA:88,0
DA:90,0
DA:91,0
DA:93,0
DA:94,0
DA:97,1
DA:98,1
DA:99,1
DA:100,0
DA:101,0
DA:102,0
DA:103,0
DA:105,0
DA:106,0
DA:109,0
DA:111,0
DA:112,0
DA:115,1
DA:116,1
DA:117,0
DA:118,0
DA:119,0
DA:121,0
DA:122,0
DA:123,0
DA:125,0
DA:126,0
DA:127,0
DA:129,0
DA:130,0
DA:131,0
LF:90
LH:35
BRF:0
BRH:0
end_of_record
